Unity Editor version:    2020.3.29f1 (2ff179115da0)
Branch:                  2020.3/staging
Build type:              Release
Batch mode:              YES
macOS version:           Version 12.0.1 (Build 21A559)
Darwin version:          21.1.0
Architecture:            x86_64
Running under Rosetta:   NO
Available memory:        16384 MB
Using pre-set license
Pro License: NO

COMMAND LINE ARGUMENTS:
/Applications/Unity/Hub/Editor/2020.3.29f1/Unity.app/Contents/MacOS/Unity
-adb2
-batchMode
-noUpm
-name
AssetImportWorker1
-projectPath
/Users/shiromiyahara/Desktop/AppDevelopment/Karaoke/git/Unity_Karaoke
-logFile
Logs/AssetImportWorker1.log
-srvPort
57129
Successfully changed project path to: /Users/shiromiyahara/Desktop/AppDevelopment/Karaoke/git/Unity_Karaoke
/Users/shiromiyahara/Desktop/AppDevelopment/Karaoke/git/Unity_Karaoke
Using Asset Import Pipeline V2.
Refreshing native plugins compatible for Editor in 193.05 ms, found 2 plugins.
Preloading 0 native plugins for Editor in 0.00 ms.
Initialize engine version: 2020.3.29f1 (2ff179115da0)
[Subsystems] Discovering subsystems at path /Applications/Unity/Hub/Editor/2020.3.29f1/Unity.app/Contents/Resources/UnitySubsystems
[Subsystems] Discovering subsystems at path /Users/shiromiyahara/Desktop/AppDevelopment/Karaoke/git/Unity_Karaoke/Assets
GfxDevice: creating device client; threaded=0
2022-05-10 22:20:53.831 Unity[88471:4947281] Color LCD preferred device: Intel(R) HD Graphics 530 (low power)
2022-05-10 22:20:53.832 Unity[88471:4947281] Metal devices available: 2
2022-05-10 22:20:53.832 Unity[88471:4947281] 0: AMD Radeon Pro 460 (high power)
2022-05-10 22:20:53.832 Unity[88471:4947281] 1: Intel(R) HD Graphics 530 (low power)
2022-05-10 22:20:53.851 Unity[88471:4947281] Using device AMD Radeon Pro 460 (high power)
Initializing Metal device caps: AMD Radeon Pro 460
Initialize mono
Mono path[0] = '/Applications/Unity/Hub/Editor/2020.3.29f1/Unity.app/Contents/Managed'
Mono path[1] = '/Applications/Unity/Hub/Editor/2020.3.29f1/Unity.app/Contents/MonoBleedingEdge/lib/mono/unityjit'
Mono config path = '/Applications/Unity/Hub/Editor/2020.3.29f1/Unity.app/Contents/MonoBleedingEdge/etc'
Using monoOptions --debugger-agent=transport=dt_socket,embedding=1,server=y,suspend=n,address=127.0.0.1:56471
Begin MonoManager ReloadAssembly
Registering precompiled unity dll's ...
Register platform support module: /Applications/Unity/Hub/Editor/2020.3.29f1/Unity.app/Contents/PlaybackEngines/MacStandaloneSupport/UnityEditor.OSXStandalone.Extensions.dll
Registered in 0.003532 seconds.
Native extension for OSXStandalone target not found
Refreshing native plugins compatible for Editor in 70.11 ms, found 2 plugins.
Preloading 0 native plugins for Editor in 0.00 ms.
Mono: successfully reloaded assembly
- Completed reload, in  1.029 seconds
Domain Reload Profiling:
	ReloadAssembly (1029ms)
		BeginReloadAssembly (124ms)
			ExecutionOrderSort (0ms)
			DisableScriptedObjects (0ms)
			BackupInstance (0ms)
			ReleaseScriptingObjects (0ms)
			CreateAndSetChildDomain (2ms)
		EndReloadAssembly (798ms)
			LoadAssemblies (124ms)
			RebuildTransferFunctionScriptingTraits (0ms)
			SetupTypeCache (266ms)
			ReleaseScriptCaches (0ms)
			RebuildScriptCaches (56ms)
			SetupLoadedEditorAssemblies (340ms)
				LogAssemblyErrors (0ms)
				InitializePlatformSupportModulesInManaged (8ms)
				SetLoadedEditorAssemblies (0ms)
				RefreshPlugins (70ms)
				BeforeProcessingInitializeOnLoad (49ms)
				ProcessInitializeOnLoadAttributes (165ms)
				ProcessInitializeOnLoadMethodAttributes (48ms)
				AfterProcessingInitializeOnLoad (0ms)
				EditorAssembliesLoaded (0ms)
			ExecutionOrderSort2 (0ms)
			AwakeInstancesAfterBackupRestoration (0ms)
Platform modules already initialized, skipping
Registering precompiled user dll's ...
Registered in 0.008407 seconds.
Begin MonoManager ReloadAssembly
Native extension for OSXStandalone target not found
Refreshing native plugins compatible for Editor in 79.02 ms, found 2 plugins.
Preloading 0 native plugins for Editor in 0.00 ms.
Mono: successfully reloaded assembly
- Completed reload, in  1.881 seconds
Domain Reload Profiling:
	ReloadAssembly (1888ms)
		BeginReloadAssembly (216ms)
			ExecutionOrderSort (0ms)
			DisableScriptedObjects (7ms)
			BackupInstance (0ms)
			ReleaseScriptingObjects (0ms)
			CreateAndSetChildDomain (33ms)
		EndReloadAssembly (1589ms)
			LoadAssemblies (159ms)
			RebuildTransferFunctionScriptingTraits (0ms)
			SetupTypeCache (501ms)
			ReleaseScriptCaches (1ms)
			RebuildScriptCaches (71ms)
			SetupLoadedEditorAssemblies (544ms)
				LogAssemblyErrors (0ms)
				InitializePlatformSupportModulesInManaged (4ms)
				SetLoadedEditorAssemblies (0ms)
				RefreshPlugins (79ms)
				BeforeProcessingInitializeOnLoad (123ms)
				ProcessInitializeOnLoadAttributes (321ms)
				ProcessInitializeOnLoadMethodAttributes (14ms)
				AfterProcessingInitializeOnLoad (2ms)
				EditorAssembliesLoaded (0ms)
			ExecutionOrderSort2 (0ms)
			AwakeInstancesAfterBackupRestoration (11ms)
Platform modules already initialized, skipping
Validating Project structure ... 0.010423 seconds.
Shader import version has changed; will reimport all shaders...
Upgrading shader files ...0.013533 seconds.
Application.AssetDatabase Initial Script Refresh Start
RefreshInfo: InitialScriptRefreshV2(NoUpdateAssetOptions) scanfilter:  ... 1 filters
RefreshProfiler: Total: 0.000ms
Application.AssetDatabase Initial Script Refresh End
Application.AssetDatabase.Refresh Start
Application.AssetDatabase.Refresh End
RefreshInfo: StopAssetImportingV2(ForceSynchronousImport) scanfilter: 
RefreshProfiler: Total: 0.000ms
Launching external process: /Applications/Unity/Hub/Editor/2020.3.29f1/Unity.app/Contents/Tools/UnityShaderCompiler
Launched and connected shader compiler UnityShaderCompiler after 0.03 seconds
Initializing Unity extensions:
2022-05-10 22:20:59.011 Unity[88471:4947281] NSEventModifierFlagFunction specified to -setKeyEquivalentModifierMask: for item <NSMenuItem: 0x6000020c9a40 Font Asset, ke='Command-F12'>, but is only supported for system-provided menu items; will not be used
2022-05-10 22:20:59.018 Unity[88471:4947281] NSEventModifierFlagFunction specified to -setKeyEquivalentModifierMask: for item <NSMenuItem: 0x60000203e530 Font Asset, ke='Command-F12'>, but is only supported for system-provided menu items; will not be used
========================================================================
Worker process is ready to serve import requests
Refreshing native plugins compatible for Editor in 0.74 ms, found 2 plugins.
Preloading 0 native plugins for Editor in 0.00 ms.
Unloading 1987 Unused Serialized files (Serialized files now loaded: 0)
System memory in use before: 239.8 MB.
System memory in use after: 239.0 MB.

Unloading 115 unused Assets to reduce memory usage. Loaded Objects now: 2461.
Total: 6.822327 ms (FindLiveObjects: 0.264837 ms CreateObjectMapping: 0.434208 ms MarkObjects: 5.219509 ms  DeleteObjects: 0.902081 ms)

AssetImportParameters requested are different than current active one (requested -> active):
  custom:video-decoder-ogg-theora: a1e56fd34408186e4bbccfd4996cb3dc -> 
  custom:container-muxer-webm: aa71ff27fc2769a1b78a27578f13a17b -> 
  custom:container-demuxer-webm: 4f35f7cbe854078d1ac9338744f61a02 -> 
  custom:container-demuxer-ogg: 62fdf1f143b41e24485cea50d1cbac27 -> 
  custom:video-encoder-webm-vp8: eb34c28f22e8b96e1ab97ce403110664 -> 
  custom:framework-osx-AVFoundation: e770b220cccbd017edd2c1fefb359320 -> 
  custom:video-decoder-webm-vp8: 9c59270c3fd7afecdb556c50c9e8de78 -> 
  custom:audio-decoder-ogg-vorbis: bf7c407c2cedff20999df2af8eb42d56 -> 
  custom:audio-encoder-webm-vorbis: bf7c407c2cedff20999df2af8eb42d56 -> 
========================================================================
Received Import Request.
  path: Assets/Material/Color
  artifactKey: Guid(943b30bc96eae4798bfc1074a9159f6f) Importer(815301076,1909f56bfc062723c751e8b465ee728b)
Start importing Assets/Material/Color using Guid(943b30bc96eae4798bfc1074a9159f6f) Importer(815301076,1909f56bfc062723c751e8b465ee728b)  -> (artifact id: 'e47389cc5bf6392619bcda10df7ceb92') in 0.004403 seconds 
  Import took 0.008258 seconds .

========================================================================
Received Prepare
Refreshing native plugins compatible for Editor in 15.08 ms, found 2 plugins.
Preloading 0 native plugins for Editor in 0.00 ms.
Unloading 29 Unused Serialized files (Serialized files now loaded: 0)
System memory in use before: 198.0 MB.
System memory in use after: 198.1 MB.

Unloading 29 unused Assets to reduce memory usage. Loaded Objects now: 2461.
Total: 4.295814 ms (FindLiveObjects: 0.348175 ms CreateObjectMapping: 0.124103 ms MarkObjects: 3.729385 ms  DeleteObjects: 0.092824 ms)

AssetImportParameters requested are different than current active one (requested -> active):
  custom:video-decoder-ogg-theora: a1e56fd34408186e4bbccfd4996cb3dc -> 
  custom:container-muxer-webm: aa71ff27fc2769a1b78a27578f13a17b -> 
  custom:container-demuxer-webm: 4f35f7cbe854078d1ac9338744f61a02 -> 
  custom:container-demuxer-ogg: 62fdf1f143b41e24485cea50d1cbac27 -> 
  custom:video-encoder-webm-vp8: eb34c28f22e8b96e1ab97ce403110664 -> 
  custom:framework-osx-AVFoundation: e770b220cccbd017edd2c1fefb359320 -> 
  custom:video-decoder-webm-vp8: 9c59270c3fd7afecdb556c50c9e8de78 -> 
  custom:audio-decoder-ogg-vorbis: bf7c407c2cedff20999df2af8eb42d56 -> 
  custom:audio-encoder-webm-vorbis: bf7c407c2cedff20999df2af8eb42d56 -> 
========================================================================
Received Import Request.
  Time since last request: 509.630563 seconds.
  path: Assets/Material/Color/TableBlack.mat
  artifactKey: Guid(d406c27bdfdcb4532bf6ea88ec63f47d) Importer(815301076,1909f56bfc062723c751e8b465ee728b)
Start importing Assets/Material/Color/TableBlack.mat using Guid(d406c27bdfdcb4532bf6ea88ec63f47d) Importer(815301076,1909f56bfc062723c751e8b465ee728b)  -> (artifact id: '00000000000000000000000000000000') in 1.154373 seconds  code(4) message(Build asset version error: assets/material/color/tableblack.mat in SourceAssetDB has modification time of '2022-05-09T12:18:15Z' while content on disk has modification time of '2022-05-10T13:29:28Z')
  ERROR: Build asset version error: assets/material/color/tableblack.mat in SourceAssetDB has modification time of '2022-05-09T12:18:15Z' while content on disk has modification time of '2022-05-10T13:29:28Z'
  Import took 1.165097 seconds .

========================================================================
Received Prepare
Registering precompiled user dll's ...
Registered in 0.008498 seconds.
Begin MonoManager ReloadAssembly
Native extension for OSXStandalone target not found
Refreshing native plugins compatible for Editor in 0.69 ms, found 2 plugins.
Preloading 0 native plugins for Editor in 0.00 ms.
2022-05-10 22:57:41.597 Unity[88471:4947281] NSEventModifierFlagFunction specified to -setKeyEquivalentModifierMask: for item <NSMenuItem: 0x6000020a5340 Font Asset, ke='Command-F12'>, but is only supported for system-provided menu items; will not be used
Mono: successfully reloaded assembly
- Completed reload, in  1.631 seconds
Domain Reload Profiling:
	ReloadAssembly (1631ms)
		BeginReloadAssembly (161ms)
			ExecutionOrderSort (0ms)
			DisableScriptedObjects (7ms)
			BackupInstance (0ms)
			ReleaseScriptingObjects (0ms)
			CreateAndSetChildDomain (67ms)
		EndReloadAssembly (1391ms)
			LoadAssemblies (107ms)
			RebuildTransferFunctionScriptingTraits (0ms)
			SetupTypeCache (463ms)
			ReleaseScriptCaches (1ms)
			RebuildScriptCaches (77ms)
			SetupLoadedEditorAssemblies (555ms)
				LogAssemblyErrors (0ms)
				InitializePlatformSupportModulesInManaged (6ms)
				SetLoadedEditorAssemblies (1ms)
				RefreshPlugins (1ms)
				BeforeProcessingInitializeOnLoad (188ms)
				ProcessInitializeOnLoadAttributes (347ms)
				ProcessInitializeOnLoadMethodAttributes (11ms)
				AfterProcessingInitializeOnLoad (2ms)
				EditorAssembliesLoaded (0ms)
			ExecutionOrderSort2 (0ms)
			AwakeInstancesAfterBackupRestoration (10ms)
Platform modules already initialized, skipping
Switching build target platform(2) subTarget(0) extendedPlatform(0) -> platform(9) subTarget(16777218) extendedPlatform(0)
Refreshing native plugins compatible for Editor in 0.72 ms, found 2 plugins.
Preloading 0 native plugins for Editor in 0.00 ms.
Unloading 1963 Unused Serialized files (Serialized files now loaded: 0)
System memory in use before: 240.6 MB.
System memory in use after: 240.6 MB.

Unloading 32 unused Assets to reduce memory usage. Loaded Objects now: 2503.
Total: 3.543378 ms (FindLiveObjects: 0.174032 ms CreateObjectMapping: 0.077553 ms MarkObjects: 3.202991 ms  DeleteObjects: 0.087904 ms)

AssetImportParameters requested are different than current active one (requested -> active):
  custom:video-decoder-ogg-theora: a1e56fd34408186e4bbccfd4996cb3dc -> 
  custom:container-muxer-webm: aa71ff27fc2769a1b78a27578f13a17b -> 
  custom:container-demuxer-webm: 4f35f7cbe854078d1ac9338744f61a02 -> 
  custom:container-demuxer-ogg: 62fdf1f143b41e24485cea50d1cbac27 -> 
  custom:video-encoder-webm-vp8: eb34c28f22e8b96e1ab97ce403110664 -> 
  custom:framework-osx-AVFoundation: e770b220cccbd017edd2c1fefb359320 -> 
  custom:video-decoder-webm-vp8: 9c59270c3fd7afecdb556c50c9e8de78 -> 
  custom:graphics/normal-map-encoding: 01000000000000000000000000000000 -> 02000000000000000000000000000000
  custom:audio-decoder-ogg-vorbis: bf7c407c2cedff20999df2af8eb42d56 -> 
  custom:audio-encoder-webm-vorbis: bf7c407c2cedff20999df2af8eb42d56 -> 
========================================================================
Received Import Request.
  Time since last request: 1732.844110 seconds.
  path: Assets/Script/GameScript/ManagerScript/CameraManager.cs
  artifactKey: Guid(bf877e17e86b748dfba728623582275f) Importer(815301076,1909f56bfc062723c751e8b465ee728b)
Start importing Assets/Script/GameScript/ManagerScript/CameraManager.cs using Guid(bf877e17e86b748dfba728623582275f) Importer(815301076,1909f56bfc062723c751e8b465ee728b)  -> (artifact id: 'd3397cc6128f9a8727c99fca8e274e42') in 0.296132 seconds 
  Import took 0.307125 seconds .

========================================================================
Received Prepare
Registering precompiled user dll's ...
Registered in 0.007589 seconds.
Begin MonoManager ReloadAssembly
Native extension for OSXStandalone target not found
Refreshing native plugins compatible for Editor in 0.67 ms, found 2 plugins.
Preloading 0 native plugins for Editor in 0.00 ms.
2022-05-10 23:00:34.137 Unity[88471:4947281] NSEventModifierFlagFunction specified to -setKeyEquivalentModifierMask: for item <NSMenuItem: 0x6000020e27d0 Font Asset, ke='Command-F12'>, but is only supported for system-provided menu items; will not be used
Mono: successfully reloaded assembly
- Completed reload, in  1.602 seconds
Domain Reload Profiling:
	ReloadAssembly (1603ms)
		BeginReloadAssembly (165ms)
			ExecutionOrderSort (0ms)
			DisableScriptedObjects (6ms)
			BackupInstance (0ms)
			ReleaseScriptingObjects (0ms)
			CreateAndSetChildDomain (73ms)
		EndReloadAssembly (1351ms)
			LoadAssemblies (116ms)
			RebuildTransferFunctionScriptingTraits (0ms)
			SetupTypeCache (431ms)
			ReleaseScriptCaches (1ms)
			RebuildScriptCaches (65ms)
			SetupLoadedEditorAssemblies (576ms)
				LogAssemblyErrors (0ms)
				InitializePlatformSupportModulesInManaged (5ms)
				SetLoadedEditorAssemblies (1ms)
				RefreshPlugins (1ms)
				BeforeProcessingInitializeOnLoad (192ms)
				ProcessInitializeOnLoadAttributes (363ms)
				ProcessInitializeOnLoadMethodAttributes (12ms)
				AfterProcessingInitializeOnLoad (2ms)
				EditorAssembliesLoaded (0ms)
			ExecutionOrderSort2 (0ms)
			AwakeInstancesAfterBackupRestoration (11ms)
Platform modules already initialized, skipping
Switching build target platform(2) subTarget(0) extendedPlatform(0) -> platform(9) subTarget(16777218) extendedPlatform(0)
Refreshing native plugins compatible for Editor in 0.66 ms, found 2 plugins.
Preloading 0 native plugins for Editor in 0.00 ms.
Unloading 1963 Unused Serialized files (Serialized files now loaded: 0)
System memory in use before: 245.0 MB.
System memory in use after: 245.1 MB.

Unloading 31 unused Assets to reduce memory usage. Loaded Objects now: 2505.
Total: 4.200822 ms (FindLiveObjects: 0.245224 ms CreateObjectMapping: 0.116027 ms MarkObjects: 3.748671 ms  DeleteObjects: 0.089015 ms)

AssetImportParameters requested are different than current active one (requested -> active):
  custom:video-decoder-ogg-theora: a1e56fd34408186e4bbccfd4996cb3dc -> 
  custom:container-muxer-webm: aa71ff27fc2769a1b78a27578f13a17b -> 
  custom:container-demuxer-webm: 4f35f7cbe854078d1ac9338744f61a02 -> 
  custom:container-demuxer-ogg: 62fdf1f143b41e24485cea50d1cbac27 -> 
  custom:video-encoder-webm-vp8: eb34c28f22e8b96e1ab97ce403110664 -> 
  custom:framework-osx-AVFoundation: e770b220cccbd017edd2c1fefb359320 -> 
  custom:video-decoder-webm-vp8: 9c59270c3fd7afecdb556c50c9e8de78 -> 
  custom:graphics/normal-map-encoding: 01000000000000000000000000000000 -> 02000000000000000000000000000000
  custom:audio-decoder-ogg-vorbis: bf7c407c2cedff20999df2af8eb42d56 -> 
  custom:audio-encoder-webm-vorbis: bf7c407c2cedff20999df2af8eb42d56 -> 
========================================================================
Received Import Request.
  Time since last request: 131.649435 seconds.
  path: Assets/Script/GameScript/ManagerScript/CameraManager.cs
  artifactKey: Guid(bf877e17e86b748dfba728623582275f) Importer(815301076,1909f56bfc062723c751e8b465ee728b)
Start importing Assets/Script/GameScript/ManagerScript/CameraManager.cs using Guid(bf877e17e86b748dfba728623582275f) Importer(815301076,1909f56bfc062723c751e8b465ee728b)  -> (artifact id: '00000000000000000000000000000000') in 0.006494 seconds  code(4) message(Build asset version error: assets/script/gamescript/managerscript/cameramanager.cs in SourceAssetDB has modification time of '2022-05-09T13:10:02Z' while content on disk has modification time of '2022-05-10T14:00:25Z')
  ERROR: Build asset version error: assets/script/gamescript/managerscript/cameramanager.cs in SourceAssetDB has modification time of '2022-05-09T13:10:02Z' while content on disk has modification time of '2022-05-10T14:00:25Z'
  Import took 0.009717 seconds .

========================================================================
Received Prepare
Registering precompiled user dll's ...
Registered in 0.009932 seconds.
Begin MonoManager ReloadAssembly
Native extension for OSXStandalone target not found
Refreshing native plugins compatible for Editor in 0.70 ms, found 2 plugins.
Preloading 0 native plugins for Editor in 0.00 ms.
2022-05-10 23:01:28.871 Unity[88471:4947281] NSEventModifierFlagFunction specified to -setKeyEquivalentModifierMask: for item <NSMenuItem: 0x60000209eed0 Font Asset, ke='Command-F12'>, but is only supported for system-provided menu items; will not be used
Mono: successfully reloaded assembly
- Completed reload, in  2.380 seconds
Domain Reload Profiling:
	ReloadAssembly (2381ms)
		BeginReloadAssembly (360ms)
			ExecutionOrderSort (0ms)
			DisableScriptedObjects (6ms)
			BackupInstance (0ms)
			ReleaseScriptingObjects (0ms)
			CreateAndSetChildDomain (160ms)
		EndReloadAssembly (1896ms)
			LoadAssemblies (314ms)
			RebuildTransferFunctionScriptingTraits (0ms)
			SetupTypeCache (712ms)
			ReleaseScriptCaches (1ms)
			RebuildScriptCaches (80ms)
			SetupLoadedEditorAssemblies (655ms)
				LogAssemblyErrors (0ms)
				InitializePlatformSupportModulesInManaged (6ms)
				SetLoadedEditorAssemblies (1ms)
				RefreshPlugins (1ms)
				BeforeProcessingInitializeOnLoad (210ms)
				ProcessInitializeOnLoadAttributes (413ms)
				ProcessInitializeOnLoadMethodAttributes (21ms)
				AfterProcessingInitializeOnLoad (2ms)
				EditorAssembliesLoaded (0ms)
			ExecutionOrderSort2 (0ms)
			AwakeInstancesAfterBackupRestoration (11ms)
Platform modules already initialized, skipping
Switching build target platform(2) subTarget(0) extendedPlatform(0) -> platform(9) subTarget(16777218) extendedPlatform(0)
Refreshing native plugins compatible for Editor in 0.67 ms, found 2 plugins.
Preloading 0 native plugins for Editor in 0.00 ms.
Unloading 1963 Unused Serialized files (Serialized files now loaded: 0)
System memory in use before: 245.1 MB.
System memory in use after: 245.1 MB.

Unloading 31 unused Assets to reduce memory usage. Loaded Objects now: 2507.
Total: 4.954847 ms (FindLiveObjects: 0.218488 ms CreateObjectMapping: 0.104152 ms MarkObjects: 4.398808 ms  DeleteObjects: 0.231873 ms)

AssetImportParameters requested are different than current active one (requested -> active):
  custom:video-decoder-ogg-theora: a1e56fd34408186e4bbccfd4996cb3dc -> 
  custom:container-muxer-webm: aa71ff27fc2769a1b78a27578f13a17b -> 
  custom:container-demuxer-webm: 4f35f7cbe854078d1ac9338744f61a02 -> 
  custom:container-demuxer-ogg: 62fdf1f143b41e24485cea50d1cbac27 -> 
  custom:video-encoder-webm-vp8: eb34c28f22e8b96e1ab97ce403110664 -> 
  custom:framework-osx-AVFoundation: e770b220cccbd017edd2c1fefb359320 -> 
  custom:video-decoder-webm-vp8: 9c59270c3fd7afecdb556c50c9e8de78 -> 
  custom:graphics/normal-map-encoding: 01000000000000000000000000000000 -> 02000000000000000000000000000000
  custom:audio-decoder-ogg-vorbis: bf7c407c2cedff20999df2af8eb42d56 -> 
  custom:audio-encoder-webm-vorbis: bf7c407c2cedff20999df2af8eb42d56 -> 
========================================================================
Received Prepare
Registering precompiled user dll's ...
Registered in 0.003975 seconds.
Begin MonoManager ReloadAssembly
Native extension for OSXStandalone target not found
Refreshing native plugins compatible for Editor in 0.66 ms, found 2 plugins.
Preloading 0 native plugins for Editor in 0.00 ms.
2022-05-10 23:01:56.505 Unity[88471:4947281] NSEventModifierFlagFunction specified to -setKeyEquivalentModifierMask: for item <NSMenuItem: 0x600002036680 Font Asset, ke='Command-F12'>, but is only supported for system-provided menu items; will not be used
Mono: successfully reloaded assembly
- Completed reload, in  1.623 seconds
Domain Reload Profiling:
	ReloadAssembly (1623ms)
		BeginReloadAssembly (148ms)
			ExecutionOrderSort (0ms)
			DisableScriptedObjects (6ms)
			BackupInstance (0ms)
			ReleaseScriptingObjects (0ms)
			CreateAndSetChildDomain (59ms)
		EndReloadAssembly (1396ms)
			LoadAssemblies (114ms)
			RebuildTransferFunctionScriptingTraits (0ms)
			SetupTypeCache (495ms)
			ReleaseScriptCaches (1ms)
			RebuildScriptCaches (73ms)
			SetupLoadedEditorAssemblies (539ms)
				LogAssemblyErrors (0ms)
				InitializePlatformSupportModulesInManaged (5ms)
				SetLoadedEditorAssemblies (1ms)
				RefreshPlugins (1ms)
				BeforeProcessingInitializeOnLoad (180ms)
				ProcessInitializeOnLoadAttributes (338ms)
				ProcessInitializeOnLoadMethodAttributes (12ms)
				AfterProcessingInitializeOnLoad (2ms)
				EditorAssembliesLoaded (0ms)
			ExecutionOrderSort2 (0ms)
			AwakeInstancesAfterBackupRestoration (10ms)
Platform modules already initialized, skipping
Switching build target platform(2) subTarget(0) extendedPlatform(0) -> platform(9) subTarget(16777218) extendedPlatform(0)
Refreshing native plugins compatible for Editor in 0.67 ms, found 2 plugins.
Preloading 0 native plugins for Editor in 0.00 ms.
Unloading 1963 Unused Serialized files (Serialized files now loaded: 0)
System memory in use before: 245.3 MB.
System memory in use after: 245.3 MB.

Unloading 31 unused Assets to reduce memory usage. Loaded Objects now: 2509.
Total: 4.354416 ms (FindLiveObjects: 0.203914 ms CreateObjectMapping: 0.088479 ms MarkObjects: 3.932553 ms  DeleteObjects: 0.128356 ms)

AssetImportParameters requested are different than current active one (requested -> active):
  custom:video-decoder-ogg-theora: a1e56fd34408186e4bbccfd4996cb3dc -> 
  custom:container-muxer-webm: aa71ff27fc2769a1b78a27578f13a17b -> 
  custom:container-demuxer-webm: 4f35f7cbe854078d1ac9338744f61a02 -> 
  custom:container-demuxer-ogg: 62fdf1f143b41e24485cea50d1cbac27 -> 
  custom:video-encoder-webm-vp8: eb34c28f22e8b96e1ab97ce403110664 -> 
  custom:framework-osx-AVFoundation: e770b220cccbd017edd2c1fefb359320 -> 
  custom:video-decoder-webm-vp8: 9c59270c3fd7afecdb556c50c9e8de78 -> 
  custom:graphics/normal-map-encoding: 01000000000000000000000000000000 -> 02000000000000000000000000000000
  custom:audio-decoder-ogg-vorbis: bf7c407c2cedff20999df2af8eb42d56 -> 
  custom:audio-encoder-webm-vorbis: bf7c407c2cedff20999df2af8eb42d56 -> 
========================================================================
Received Prepare
Registering precompiled user dll's ...
Registered in 0.004120 seconds.
Begin MonoManager ReloadAssembly
Native extension for OSXStandalone target not found
Refreshing native plugins compatible for Editor in 0.61 ms, found 2 plugins.
Preloading 0 native plugins for Editor in 0.00 ms.
2022-05-10 23:02:53.769 Unity[88471:4947281] NSEventModifierFlagFunction specified to -setKeyEquivalentModifierMask: for item <NSMenuItem: 0x6000020e6e60 Font Asset, ke='Command-F12'>, but is only supported for system-provided menu items; will not be used
Mono: successfully reloaded assembly
- Completed reload, in  1.494 seconds
Domain Reload Profiling:
	ReloadAssembly (1495ms)
		BeginReloadAssembly (153ms)
			ExecutionOrderSort (0ms)
			DisableScriptedObjects (6ms)
			BackupInstance (0ms)
			ReleaseScriptingObjects (0ms)
			CreateAndSetChildDomain (61ms)
		EndReloadAssembly (1257ms)
			LoadAssemblies (116ms)
			RebuildTransferFunctionScriptingTraits (0ms)
			SetupTypeCache (448ms)
			ReleaseScriptCaches (1ms)
			RebuildScriptCaches (63ms)
			SetupLoadedEditorAssemblies (486ms)
				LogAssemblyErrors (0ms)
				InitializePlatformSupportModulesInManaged (5ms)
				SetLoadedEditorAssemblies (1ms)
				RefreshPlugins (1ms)
				BeforeProcessingInitializeOnLoad (170ms)
				ProcessInitializeOnLoadAttributes (297ms)
				ProcessInitializeOnLoadMethodAttributes (11ms)
				AfterProcessingInitializeOnLoad (2ms)
				EditorAssembliesLoaded (0ms)
			ExecutionOrderSort2 (0ms)
			AwakeInstancesAfterBackupRestoration (9ms)
Platform modules already initialized, skipping
Switching build target platform(2) subTarget(0) extendedPlatform(0) -> platform(9) subTarget(16777218) extendedPlatform(0)
Refreshing native plugins compatible for Editor in 0.67 ms, found 2 plugins.
Preloading 0 native plugins for Editor in 0.00 ms.
Unloading 1963 Unused Serialized files (Serialized files now loaded: 0)
System memory in use before: 245.5 MB.
System memory in use after: 245.6 MB.

Unloading 31 unused Assets to reduce memory usage. Loaded Objects now: 2511.
Total: 4.121504 ms (FindLiveObjects: 0.196762 ms CreateObjectMapping: 0.095210 ms MarkObjects: 3.732909 ms  DeleteObjects: 0.095491 ms)

AssetImportParameters requested are different than current active one (requested -> active):
  custom:video-decoder-ogg-theora: a1e56fd34408186e4bbccfd4996cb3dc -> 
  custom:container-muxer-webm: aa71ff27fc2769a1b78a27578f13a17b -> 
  custom:container-demuxer-webm: 4f35f7cbe854078d1ac9338744f61a02 -> 
  custom:container-demuxer-ogg: 62fdf1f143b41e24485cea50d1cbac27 -> 
  custom:video-encoder-webm-vp8: eb34c28f22e8b96e1ab97ce403110664 -> 
  custom:framework-osx-AVFoundation: e770b220cccbd017edd2c1fefb359320 -> 
  custom:video-decoder-webm-vp8: 9c59270c3fd7afecdb556c50c9e8de78 -> 
  custom:graphics/normal-map-encoding: 01000000000000000000000000000000 -> 02000000000000000000000000000000
  custom:audio-decoder-ogg-vorbis: bf7c407c2cedff20999df2af8eb42d56 -> 
  custom:audio-encoder-webm-vorbis: bf7c407c2cedff20999df2af8eb42d56 -> 
========================================================================
Received Prepare
Registering precompiled user dll's ...
Registered in 0.004024 seconds.
Begin MonoManager ReloadAssembly
Native extension for OSXStandalone target not found
Refreshing native plugins compatible for Editor in 0.74 ms, found 2 plugins.
Preloading 0 native plugins for Editor in 0.00 ms.
2022-05-10 23:05:36.210 Unity[88471:4947281] NSEventModifierFlagFunction specified to -setKeyEquivalentModifierMask: for item <NSMenuItem: 0x60000208af40 Font Asset, ke='Command-F12'>, but is only supported for system-provided menu items; will not be used
Mono: successfully reloaded assembly
- Completed reload, in  1.428 seconds
Domain Reload Profiling:
	ReloadAssembly (1428ms)
		BeginReloadAssembly (150ms)
			ExecutionOrderSort (0ms)
			DisableScriptedObjects (6ms)
			BackupInstance (0ms)
			ReleaseScriptingObjects (0ms)
			CreateAndSetChildDomain (58ms)
		EndReloadAssembly (1199ms)
			LoadAssemblies (114ms)
			RebuildTransferFunctionScriptingTraits (0ms)
			SetupTypeCache (389ms)
			ReleaseScriptCaches (1ms)
			RebuildScriptCaches (64ms)
			SetupLoadedEditorAssemblies (482ms)
				LogAssemblyErrors (0ms)
				InitializePlatformSupportModulesInManaged (6ms)
				SetLoadedEditorAssemblies (1ms)
				RefreshPlugins (1ms)
				BeforeProcessingInitializeOnLoad (171ms)
				ProcessInitializeOnLoadAttributes (291ms)
				ProcessInitializeOnLoadMethodAttributes (11ms)
				AfterProcessingInitializeOnLoad (2ms)
				EditorAssembliesLoaded (0ms)
			ExecutionOrderSort2 (0ms)
			AwakeInstancesAfterBackupRestoration (9ms)
Platform modules already initialized, skipping
Switching build target platform(2) subTarget(0) extendedPlatform(0) -> platform(9) subTarget(16777218) extendedPlatform(0)
Refreshing native plugins compatible for Editor in 0.68 ms, found 2 plugins.
Preloading 0 native plugins for Editor in 0.00 ms.
Unloading 1963 Unused Serialized files (Serialized files now loaded: 0)
System memory in use before: 245.7 MB.
System memory in use after: 245.8 MB.

Unloading 31 unused Assets to reduce memory usage. Loaded Objects now: 2513.
Total: 4.046862 ms (FindLiveObjects: 0.198112 ms CreateObjectMapping: 0.089643 ms MarkObjects: 3.654508 ms  DeleteObjects: 0.103642 ms)

AssetImportParameters requested are different than current active one (requested -> active):
  custom:video-decoder-ogg-theora: a1e56fd34408186e4bbccfd4996cb3dc -> 
  custom:container-muxer-webm: aa71ff27fc2769a1b78a27578f13a17b -> 
  custom:container-demuxer-webm: 4f35f7cbe854078d1ac9338744f61a02 -> 
  custom:container-demuxer-ogg: 62fdf1f143b41e24485cea50d1cbac27 -> 
  custom:video-encoder-webm-vp8: eb34c28f22e8b96e1ab97ce403110664 -> 
  custom:framework-osx-AVFoundation: e770b220cccbd017edd2c1fefb359320 -> 
  custom:video-decoder-webm-vp8: 9c59270c3fd7afecdb556c50c9e8de78 -> 
  custom:graphics/normal-map-encoding: 01000000000000000000000000000000 -> 02000000000000000000000000000000
  custom:audio-decoder-ogg-vorbis: bf7c407c2cedff20999df2af8eb42d56 -> 
  custom:audio-encoder-webm-vorbis: bf7c407c2cedff20999df2af8eb42d56 -> 
========================================================================
Received Import Request.
  Time since last request: 306.467759 seconds.
  path: Assets/Scenes/UmpeiScene.unity
  artifactKey: Guid(7dde51f7818ac4fbda07d0be8e9d2037) Importer(815301076,1909f56bfc062723c751e8b465ee728b)
Start importing Assets/Scenes/UmpeiScene.unity using Guid(7dde51f7818ac4fbda07d0be8e9d2037) Importer(815301076,1909f56bfc062723c751e8b465ee728b)  -> (artifact id: '00000000000000000000000000000000') in 0.015672 seconds  code(4) message(Build asset version error: assets/scenes/umpeiscene.unity in SourceAssetDB has modification time of '2022-05-09T15:43:35Z' while content on disk has modification time of '2022-05-09T15:45:41Z')
  ERROR: Build asset version error: assets/scenes/umpeiscene.unity in SourceAssetDB has modification time of '2022-05-09T15:43:35Z' while content on disk has modification time of '2022-05-09T15:45:41Z'
  Import took 0.020506 seconds .

========================================================================
Received Prepare
Registering precompiled user dll's ...
Registered in 0.004001 seconds.
Begin MonoManager ReloadAssembly
Native extension for OSXStandalone target not found
Refreshing native plugins compatible for Editor in 0.65 ms, found 2 plugins.
Preloading 0 native plugins for Editor in 0.00 ms.
2022-05-10 23:07:22.693 Unity[88471:4947281] NSEventModifierFlagFunction specified to -setKeyEquivalentModifierMask: for item <NSMenuItem: 0x6000020b34f0 Font Asset, ke='Command-F12'>, but is only supported for system-provided menu items; will not be used
Mono: successfully reloaded assembly
- Completed reload, in  1.557 seconds
Domain Reload Profiling:
	ReloadAssembly (1558ms)
		BeginReloadAssembly (152ms)
			ExecutionOrderSort (0ms)
			DisableScriptedObjects (6ms)
			BackupInstance (0ms)
			ReleaseScriptingObjects (0ms)
			CreateAndSetChildDomain (60ms)
		EndReloadAssembly (1321ms)
			LoadAssemblies (133ms)
			RebuildTransferFunctionScriptingTraits (0ms)
			SetupTypeCache (436ms)
			ReleaseScriptCaches (1ms)
			RebuildScriptCaches (65ms)
			SetupLoadedEditorAssemblies (515ms)
				LogAssemblyErrors (0ms)
				InitializePlatformSupportModulesInManaged (5ms)
				SetLoadedEditorAssemblies (1ms)
				RefreshPlugins (1ms)
				BeforeProcessingInitializeOnLoad (172ms)
				ProcessInitializeOnLoadAttributes (324ms)
				ProcessInitializeOnLoadMethodAttributes (11ms)
				AfterProcessingInitializeOnLoad (2ms)
				EditorAssembliesLoaded (0ms)
			ExecutionOrderSort2 (0ms)
			AwakeInstancesAfterBackupRestoration (10ms)
Platform modules already initialized, skipping
Switching build target platform(2) subTarget(0) extendedPlatform(0) -> platform(9) subTarget(16777218) extendedPlatform(0)
Refreshing native plugins compatible for Editor in 0.68 ms, found 2 plugins.
Preloading 0 native plugins for Editor in 0.00 ms.
Unloading 1963 Unused Serialized files (Serialized files now loaded: 0)
System memory in use before: 245.9 MB.
System memory in use after: 246.0 MB.

Unloading 31 unused Assets to reduce memory usage. Loaded Objects now: 2515.
Total: 4.109050 ms (FindLiveObjects: 0.216216 ms CreateObjectMapping: 0.090884 ms MarkObjects: 3.688093 ms  DeleteObjects: 0.112889 ms)

AssetImportParameters requested are different than current active one (requested -> active):
  custom:video-decoder-ogg-theora: a1e56fd34408186e4bbccfd4996cb3dc -> 
  custom:container-muxer-webm: aa71ff27fc2769a1b78a27578f13a17b -> 
  custom:container-demuxer-webm: 4f35f7cbe854078d1ac9338744f61a02 -> 
  custom:container-demuxer-ogg: 62fdf1f143b41e24485cea50d1cbac27 -> 
  custom:video-encoder-webm-vp8: eb34c28f22e8b96e1ab97ce403110664 -> 
  custom:framework-osx-AVFoundation: e770b220cccbd017edd2c1fefb359320 -> 
  custom:video-decoder-webm-vp8: 9c59270c3fd7afecdb556c50c9e8de78 -> 
  custom:graphics/normal-map-encoding: 01000000000000000000000000000000 -> 02000000000000000000000000000000
  custom:audio-decoder-ogg-vorbis: bf7c407c2cedff20999df2af8eb42d56 -> 
  custom:audio-encoder-webm-vorbis: bf7c407c2cedff20999df2af8eb42d56 -> 
========================================================================
Received Import Request.
  Time since last request: 125.102952 seconds.
  path: Assets/Scenes/MainScene.unity
  artifactKey: Guid(9fc0d4010bbf28b4594072e72b8655ab) Importer(815301076,1909f56bfc062723c751e8b465ee728b)
Start importing Assets/Scenes/MainScene.unity using Guid(9fc0d4010bbf28b4594072e72b8655ab) Importer(815301076,1909f56bfc062723c751e8b465ee728b)  -> (artifact id: '00000000000000000000000000000000') in 0.015643 seconds  code(4) message(Build asset version error: assets/scenes/mainscene.unity in SourceAssetDB has modification time of '2022-05-09T15:23:04Z' while content on disk has modification time of '2022-05-10T14:02:52Z')
  ERROR: Build asset version error: assets/scenes/mainscene.unity in SourceAssetDB has modification time of '2022-05-09T15:23:04Z' while content on disk has modification time of '2022-05-10T14:02:52Z'
  Import took 0.019842 seconds .

========================================================================
Received Import Request.
  Time since last request: 40.443161 seconds.
  path: 
  artifactKey: Guid(e8515a9c4070c417fa968e45c0d0c4f4) Importer(815301076,1909f56bfc062723c751e8b465ee728b)
Start importing  using Guid(e8515a9c4070c417fa968e45c0d0c4f4) Importer(815301076,1909f56bfc062723c751e8b465ee728b)  -> (artifact id: '00000000000000000000000000000000') in 0.000095 seconds  code(3) message(Unknown asset with GUID 'e8515a9c4070c417fa968e45c0d0c4f4')
  ERROR: Unknown asset with GUID 'e8515a9c4070c417fa968e45c0d0c4f4'
  Import took 0.003791 seconds .

========================================================================
Received Import Request.
  Time since last request: 6.678822 seconds.
  path: 
  artifactKey: Guid(e8515a9c4070c417fa968e45c0d0c4f4) Importer(815301076,1909f56bfc062723c751e8b465ee728b)
Start importing  using Guid(e8515a9c4070c417fa968e45c0d0c4f4) Importer(815301076,1909f56bfc062723c751e8b465ee728b)  -> (artifact id: '00000000000000000000000000000000') in 0.000128 seconds  code(3) message(Unknown asset with GUID 'e8515a9c4070c417fa968e45c0d0c4f4')
  ERROR: Unknown asset with GUID 'e8515a9c4070c417fa968e45c0d0c4f4'
  Import took 0.004884 seconds .

========================================================================
Received Import Request.
  Time since last request: 85.746230 seconds.
  path: 
  artifactKey: Guid(a458ad30c7f7042ae88a4dae5aec45e9) Importer(815301076,1909f56bfc062723c751e8b465ee728b)
Start importing  using Guid(a458ad30c7f7042ae88a4dae5aec45e9) Importer(815301076,1909f56bfc062723c751e8b465ee728b)  -> (artifact id: '00000000000000000000000000000000') in 0.000066 seconds  code(3) message(Unknown asset with GUID 'a458ad30c7f7042ae88a4dae5aec45e9')
  ERROR: Unknown asset with GUID 'a458ad30c7f7042ae88a4dae5aec45e9'
  Import took 0.004216 seconds .

========================================================================
Received Import Request.
  Time since last request: 16005.168915 seconds.
  path: Assets/Material/Color/TableBlack.mat
  artifactKey: Guid(d406c27bdfdcb4532bf6ea88ec63f47d) Importer(815301076,1909f56bfc062723c751e8b465ee728b)
Start importing Assets/Material/Color/TableBlack.mat using Guid(d406c27bdfdcb4532bf6ea88ec63f47d) Importer(815301076,1909f56bfc062723c751e8b465ee728b)  -> (artifact id: '00000000000000000000000000000000') in 0.082041 seconds  code(4) message(Build asset version error: assets/material/color/tableblack.mat in SourceAssetDB has modification time of '2022-05-09T12:18:15Z' while content on disk has modification time of '2022-05-10T13:29:28Z')
  ERROR: Build asset version error: assets/material/color/tableblack.mat in SourceAssetDB has modification time of '2022-05-09T12:18:15Z' while content on disk has modification time of '2022-05-10T13:29:28Z'
  Import took 0.086943 seconds .

========================================================================
Received Prepare
Registering precompiled user dll's ...
Registered in 0.013040 seconds.
Begin MonoManager ReloadAssembly
Native extension for OSXStandalone target not found
Refreshing native plugins compatible for Editor in 1.04 ms, found 2 plugins.
Preloading 0 native plugins for Editor in 0.00 ms.
2022-05-11 23:05:17.103 Unity[88471:4947281] NSEventModifierFlagFunction specified to -setKeyEquivalentModifierMask: for item <NSMenuItem: 0x6000020ad5e0 Font Asset, ke='Command-F12'>, but is only supported for system-provided menu items; will not be used
Mono: successfully reloaded assembly
- Completed reload, in  2.078 seconds
Domain Reload Profiling:
	ReloadAssembly (2079ms)
		BeginReloadAssembly (161ms)
			ExecutionOrderSort (0ms)
			DisableScriptedObjects (8ms)
			BackupInstance (0ms)
			ReleaseScriptingObjects (0ms)
			CreateAndSetChildDomain (66ms)
		EndReloadAssembly (1832ms)
			LoadAssemblies (122ms)
			RebuildTransferFunctionScriptingTraits (0ms)
			SetupTypeCache (623ms)
			ReleaseScriptCaches (1ms)
			RebuildScriptCaches (90ms)
			SetupLoadedEditorAssemblies (735ms)
				LogAssemblyErrors (0ms)
				InitializePlatformSupportModulesInManaged (8ms)
				SetLoadedEditorAssemblies (1ms)
				RefreshPlugins (1ms)
				BeforeProcessingInitializeOnLoad (239ms)
				ProcessInitializeOnLoadAttributes (467ms)
				ProcessInitializeOnLoadMethodAttributes (16ms)
				AfterProcessingInitializeOnLoad (2ms)
				EditorAssembliesLoaded (0ms)
			ExecutionOrderSort2 (0ms)
			AwakeInstancesAfterBackupRestoration (13ms)
Platform modules already initialized, skipping
Switching build target platform(2) subTarget(0) extendedPlatform(0) -> platform(9) subTarget(16777218) extendedPlatform(0)
Refreshing native plugins compatible for Editor in 0.62 ms, found 2 plugins.
Preloading 0 native plugins for Editor in 0.00 ms.
Unloading 1963 Unused Serialized files (Serialized files now loaded: 0)
System memory in use before: 246.2 MB.
System memory in use after: 246.3 MB.

Unloading 31 unused Assets to reduce memory usage. Loaded Objects now: 2518.
Total: 5.418481 ms (FindLiveObjects: 0.316374 ms CreateObjectMapping: 0.206381 ms MarkObjects: 4.790781 ms  DeleteObjects: 0.103142 ms)

AssetImportParameters requested are different than current active one (requested -> active):
  custom:video-decoder-ogg-theora: a1e56fd34408186e4bbccfd4996cb3dc -> 
  custom:container-muxer-webm: aa71ff27fc2769a1b78a27578f13a17b -> 
  custom:container-demuxer-webm: 4f35f7cbe854078d1ac9338744f61a02 -> 
  custom:container-demuxer-ogg: 62fdf1f143b41e24485cea50d1cbac27 -> 
  custom:video-encoder-webm-vp8: eb34c28f22e8b96e1ab97ce403110664 -> 
  custom:framework-osx-AVFoundation: e770b220cccbd017edd2c1fefb359320 -> 
  custom:video-decoder-webm-vp8: 9c59270c3fd7afecdb556c50c9e8de78 -> 
  custom:graphics/normal-map-encoding: 01000000000000000000000000000000 -> 02000000000000000000000000000000
  custom:audio-decoder-ogg-vorbis: bf7c407c2cedff20999df2af8eb42d56 -> 
  custom:audio-encoder-webm-vorbis: bf7c407c2cedff20999df2af8eb42d56 -> 
========================================================================
Received Import Request.
  Time since last request: 138.243275 seconds.
  path: Assets/Material/Color/TableBlack.mat
  artifactKey: Guid(d406c27bdfdcb4532bf6ea88ec63f47d) Importer(815301076,1909f56bfc062723c751e8b465ee728b)
Start importing Assets/Material/Color/TableBlack.mat using Guid(d406c27bdfdcb4532bf6ea88ec63f47d) Importer(815301076,1909f56bfc062723c751e8b465ee728b)  -> (artifact id: '00000000000000000000000000000000') in 0.099646 seconds  code(4) message(Build asset version error: assets/material/color/tableblack.mat in SourceAssetDB has modification time of '2022-05-09T12:18:15Z' while content on disk has modification time of '2022-05-10T13:29:28Z')
  ERROR: Build asset version error: assets/material/color/tableblack.mat in SourceAssetDB has modification time of '2022-05-09T12:18:15Z' while content on disk has modification time of '2022-05-10T13:29:28Z'
  Import took 0.104028 seconds .

