Unity Editor version:    2020.3.29f1 (2ff179115da0)
Branch:                  2020.3/staging
Build type:              Release
Batch mode:              YES
macOS version:           Version 12.0.1 (Build 21A559)
Darwin version:          21.1.0
Architecture:            x86_64
Running under Rosetta:   NO
Available memory:        16384 MB
Using pre-set license
Pro License: NO

COMMAND LINE ARGUMENTS:
/Applications/Unity/Hub/Editor/2020.3.29f1/Unity.app/Contents/MacOS/Unity
-adb2
-batchMode
-noUpm
-name
AssetImportWorker0
-projectPath
/Users/shiromiyahara/Desktop/AppDevelopment/Karaoke/git/Unity_Karaoke
-logFile
Logs/AssetImportWorker0.log
-srvPort
51723
Successfully changed project path to: /Users/shiromiyahara/Desktop/AppDevelopment/Karaoke/git/Unity_Karaoke
/Users/shiromiyahara/Desktop/AppDevelopment/Karaoke/git/Unity_Karaoke
Using Asset Import Pipeline V2.
Refreshing native plugins compatible for Editor in 42.34 ms, found 2 plugins.
Preloading 0 native plugins for Editor in 0.00 ms.
Initialize engine version: 2020.3.29f1 (2ff179115da0)
[Subsystems] Discovering subsystems at path /Applications/Unity/Hub/Editor/2020.3.29f1/Unity.app/Contents/Resources/UnitySubsystems
[Subsystems] Discovering subsystems at path /Users/shiromiyahara/Desktop/AppDevelopment/Karaoke/git/Unity_Karaoke/Assets
GfxDevice: creating device client; threaded=0
2022-05-08 09:51:36.841 Unity[67703:4129456] Color LCD preferred device: AMD Radeon Pro 460 (high power)
2022-05-08 09:51:36.841 Unity[67703:4129456] Metal devices available: 2
2022-05-08 09:51:36.841 Unity[67703:4129456] 0: AMD Radeon Pro 460 (high power)
2022-05-08 09:51:36.841 Unity[67703:4129456] 1: Intel(R) HD Graphics 530 (low power)
2022-05-08 09:51:36.842 Unity[67703:4129456] Using device AMD Radeon Pro 460 (high power)
Initializing Metal device caps: AMD Radeon Pro 460
Initialize mono
Mono path[0] = '/Applications/Unity/Hub/Editor/2020.3.29f1/Unity.app/Contents/Managed'
Mono path[1] = '/Applications/Unity/Hub/Editor/2020.3.29f1/Unity.app/Contents/MonoBleedingEdge/lib/mono/unityjit'
Mono config path = '/Applications/Unity/Hub/Editor/2020.3.29f1/Unity.app/Contents/MonoBleedingEdge/etc'
Using monoOptions --debugger-agent=transport=dt_socket,embedding=1,server=y,suspend=n,address=127.0.0.1:56703
Begin MonoManager ReloadAssembly
Registering precompiled unity dll's ...
Register platform support module: /Applications/Unity/Hub/Editor/2020.3.29f1/Unity.app/Contents/PlaybackEngines/MacStandaloneSupport/UnityEditor.OSXStandalone.Extensions.dll
Registered in 0.000695 seconds.
Native extension for OSXStandalone target not found
Refreshing native plugins compatible for Editor in 34.10 ms, found 2 plugins.
Preloading 0 native plugins for Editor in 0.00 ms.
Mono: successfully reloaded assembly
- Completed reload, in  0.793 seconds
Domain Reload Profiling:
	ReloadAssembly (794ms)
		BeginReloadAssembly (69ms)
			ExecutionOrderSort (0ms)
			DisableScriptedObjects (0ms)
			BackupInstance (0ms)
			ReleaseScriptingObjects (0ms)
			CreateAndSetChildDomain (1ms)
		EndReloadAssembly (624ms)
			LoadAssemblies (68ms)
			RebuildTransferFunctionScriptingTraits (0ms)
			SetupTypeCache (235ms)
			ReleaseScriptCaches (0ms)
			RebuildScriptCaches (44ms)
			SetupLoadedEditorAssemblies (241ms)
				LogAssemblyErrors (0ms)
				InitializePlatformSupportModulesInManaged (5ms)
				SetLoadedEditorAssemblies (0ms)
				RefreshPlugins (34ms)
				BeforeProcessingInitializeOnLoad (33ms)
				ProcessInitializeOnLoadAttributes (127ms)
				ProcessInitializeOnLoadMethodAttributes (42ms)
				AfterProcessingInitializeOnLoad (0ms)
				EditorAssembliesLoaded (0ms)
			ExecutionOrderSort2 (0ms)
			AwakeInstancesAfterBackupRestoration (0ms)
Platform modules already initialized, skipping
Registering precompiled user dll's ...
Registered in 0.001523 seconds.
Begin MonoManager ReloadAssembly
Native extension for OSXStandalone target not found
Refreshing native plugins compatible for Editor in 0.35 ms, found 2 plugins.
Preloading 0 native plugins for Editor in 0.00 ms.
Mono: successfully reloaded assembly
- Completed reload, in  1.375 seconds
Domain Reload Profiling:
	ReloadAssembly (1377ms)
		BeginReloadAssembly (187ms)
			ExecutionOrderSort (0ms)
			DisableScriptedObjects (6ms)
			BackupInstance (0ms)
			ReleaseScriptingObjects (0ms)
			CreateAndSetChildDomain (32ms)
		EndReloadAssembly (1116ms)
			LoadAssemblies (123ms)
			RebuildTransferFunctionScriptingTraits (0ms)
			SetupTypeCache (401ms)
			ReleaseScriptCaches (0ms)
			RebuildScriptCaches (82ms)
			SetupLoadedEditorAssemblies (373ms)
				LogAssemblyErrors (0ms)
				InitializePlatformSupportModulesInManaged (6ms)
				SetLoadedEditorAssemblies (1ms)
				RefreshPlugins (0ms)
				BeforeProcessingInitializeOnLoad (87ms)
				ProcessInitializeOnLoadAttributes (266ms)
				ProcessInitializeOnLoadMethodAttributes (12ms)
				AfterProcessingInitializeOnLoad (2ms)
				EditorAssembliesLoaded (0ms)
			ExecutionOrderSort2 (0ms)
			AwakeInstancesAfterBackupRestoration (12ms)
Platform modules already initialized, skipping
Validating Project structure ... 0.000419 seconds.
Shader import version has changed; will reimport all shaders...
Upgrading shader files ...0.000299 seconds.
Application.AssetDatabase Initial Script Refresh Start
RefreshInfo: InitialScriptRefreshV2(NoUpdateAssetOptions) scanfilter:  ... 1 filters
RefreshProfiler: Total: 0.000ms
Application.AssetDatabase Initial Script Refresh End
Application.AssetDatabase.Refresh Start
Application.AssetDatabase.Refresh End
RefreshInfo: StopAssetImportingV2(ForceSynchronousImport) scanfilter: 
RefreshProfiler: Total: 0.000ms
Launching external process: /Applications/Unity/Hub/Editor/2020.3.29f1/Unity.app/Contents/Tools/UnityShaderCompiler
Launched and connected shader compiler UnityShaderCompiler after 0.02 seconds
Initializing Unity extensions:
2022-05-08 09:51:41.079 Unity[67703:4129456] NSEventModifierFlagFunction specified to -setKeyEquivalentModifierMask: for item <NSMenuItem: 0x6000002a9c00 Font Asset, ke='Command-F12'>, but is only supported for system-provided menu items; will not be used
2022-05-08 09:51:41.083 Unity[67703:4129456] NSEventModifierFlagFunction specified to -setKeyEquivalentModifierMask: for item <NSMenuItem: 0x60000025a140 Font Asset, ke='Command-F12'>, but is only supported for system-provided menu items; will not be used
========================================================================
Worker process is ready to serve import requests
Refreshing native plugins compatible for Editor in 0.37 ms, found 2 plugins.
Preloading 0 native plugins for Editor in 0.00 ms.
Unloading 1503 Unused Serialized files (Serialized files now loaded: 0)
System memory in use before: 210.8 MB.
System memory in use after: 209.9 MB.

Unloading 77 unused Assets to reduce memory usage. Loaded Objects now: 1977.
Total: 4.295146 ms (FindLiveObjects: 0.159172 ms CreateObjectMapping: 0.062552 ms MarkObjects: 3.436844 ms  DeleteObjects: 0.635641 ms)

AssetImportParameters requested are different than current active one (requested -> active):
  custom:video-decoder-ogg-theora: a1e56fd34408186e4bbccfd4996cb3dc -> 
  custom:container-muxer-webm: aa71ff27fc2769a1b78a27578f13a17b -> 
  custom:container-demuxer-webm: 4f35f7cbe854078d1ac9338744f61a02 -> 
  custom:container-demuxer-ogg: 62fdf1f143b41e24485cea50d1cbac27 -> 
  custom:video-encoder-webm-vp8: eb34c28f22e8b96e1ab97ce403110664 -> 
  custom:framework-osx-AVFoundation: e770b220cccbd017edd2c1fefb359320 -> 
  custom:video-decoder-webm-vp8: 9c59270c3fd7afecdb556c50c9e8de78 -> 
  custom:audio-decoder-ogg-vorbis: bf7c407c2cedff20999df2af8eb42d56 -> 
  custom:audio-encoder-webm-vorbis: bf7c407c2cedff20999df2af8eb42d56 -> 
========================================================================
Received Import Request.
  path: Assets/Scenes/SampleScene.unity
  artifactKey: Guid(9fc0d4010bbf28b4594072e72b8655ab) Importer(815301076,1909f56bfc062723c751e8b465ee728b)
Start importing Assets/Scenes/SampleScene.unity using Guid(9fc0d4010bbf28b4594072e72b8655ab) Importer(815301076,1909f56bfc062723c751e8b465ee728b)  -> (artifact id: '85059f4f9e1a832ed95adaa0d25c5c4c') in 0.013936 seconds 
  Import took 0.017986 seconds .

========================================================================
Received Import Request.
  Time since last request: 13.393263 seconds.
  path: Assets/Scenes/MainScenes.unity
  artifactKey: Guid(9fc0d4010bbf28b4594072e72b8655ab) Importer(815301076,1909f56bfc062723c751e8b465ee728b)
Start importing Assets/Scenes/MainScenes.unity using Guid(9fc0d4010bbf28b4594072e72b8655ab) Importer(815301076,1909f56bfc062723c751e8b465ee728b)  -> (artifact id: 'f8b798adf84c54de296b65f7281bc59b') in 0.006495 seconds 
  Import took 0.012412 seconds .

========================================================================
Received Import Request.
  Time since last request: 14.392539 seconds.
  path: Assets/Scenes/MainScene.unity
  artifactKey: Guid(9fc0d4010bbf28b4594072e72b8655ab) Importer(815301076,1909f56bfc062723c751e8b465ee728b)
Start importing Assets/Scenes/MainScene.unity using Guid(9fc0d4010bbf28b4594072e72b8655ab) Importer(815301076,1909f56bfc062723c751e8b465ee728b)  -> (artifact id: 'a3402c4fa176f86fe723d8826f61520e') in 0.007012 seconds 
  Import took 0.010774 seconds .

========================================================================
Received Prepare
Registering precompiled user dll's ...
Registered in 0.001256 seconds.
Begin MonoManager ReloadAssembly
Native extension for OSXStandalone target not found
Refreshing native plugins compatible for Editor in 0.40 ms, found 2 plugins.
Preloading 0 native plugins for Editor in 0.00 ms.
2022-05-08 09:54:37.251 Unity[67703:4129456] NSEventModifierFlagFunction specified to -setKeyEquivalentModifierMask: for item <NSMenuItem: 0x6000002983f0 Font Asset, ke='Command-F12'>, but is only supported for system-provided menu items; will not be used
Mono: successfully reloaded assembly
- Completed reload, in  1.257 seconds
Domain Reload Profiling:
	ReloadAssembly (1258ms)
		BeginReloadAssembly (125ms)
			ExecutionOrderSort (0ms)
			DisableScriptedObjects (6ms)
			BackupInstance (0ms)
			ReleaseScriptingObjects (0ms)
			CreateAndSetChildDomain (50ms)
		EndReloadAssembly (1055ms)
			LoadAssemblies (91ms)
			RebuildTransferFunctionScriptingTraits (0ms)
			SetupTypeCache (380ms)
			ReleaseScriptCaches (1ms)
			RebuildScriptCaches (55ms)
			SetupLoadedEditorAssemblies (388ms)
				LogAssemblyErrors (0ms)
				InitializePlatformSupportModulesInManaged (5ms)
				SetLoadedEditorAssemblies (1ms)
				RefreshPlugins (0ms)
				BeforeProcessingInitializeOnLoad (135ms)
				ProcessInitializeOnLoadAttributes (233ms)
				ProcessInitializeOnLoadMethodAttributes (11ms)
				AfterProcessingInitializeOnLoad (2ms)
				EditorAssembliesLoaded (0ms)
			ExecutionOrderSort2 (0ms)
			AwakeInstancesAfterBackupRestoration (9ms)
Platform modules already initialized, skipping
Refreshing native plugins compatible for Editor in 0.36 ms, found 2 plugins.
Preloading 0 native plugins for Editor in 0.00 ms.
Unloading 1496 Unused Serialized files (Serialized files now loaded: 0)
System memory in use before: 210.4 MB.
System memory in use after: 210.6 MB.

Unloading 12 unused Assets to reduce memory usage. Loaded Objects now: 1980.
Total: 3.206933 ms (FindLiveObjects: 0.149467 ms CreateObjectMapping: 0.045415 ms MarkObjects: 2.991128 ms  DeleteObjects: 0.020108 ms)

AssetImportParameters requested are different than current active one (requested -> active):
  custom:video-decoder-ogg-theora: a1e56fd34408186e4bbccfd4996cb3dc -> 
  custom:container-muxer-webm: aa71ff27fc2769a1b78a27578f13a17b -> 
  custom:container-demuxer-webm: 4f35f7cbe854078d1ac9338744f61a02 -> 
  custom:container-demuxer-ogg: 62fdf1f143b41e24485cea50d1cbac27 -> 
  custom:video-encoder-webm-vp8: eb34c28f22e8b96e1ab97ce403110664 -> 
  custom:framework-osx-AVFoundation: e770b220cccbd017edd2c1fefb359320 -> 
  custom:video-decoder-webm-vp8: 9c59270c3fd7afecdb556c50c9e8de78 -> 
  custom:audio-decoder-ogg-vorbis: bf7c407c2cedff20999df2af8eb42d56 -> 
  custom:audio-encoder-webm-vorbis: bf7c407c2cedff20999df2af8eb42d56 -> 
========================================================================
Received Prepare
Registering precompiled user dll's ...
Registered in 0.006190 seconds.
Begin MonoManager ReloadAssembly
Native extension for OSXStandalone target not found
Refreshing native plugins compatible for Editor in 0.41 ms, found 2 plugins.
Preloading 0 native plugins for Editor in 0.00 ms.
2022-05-08 10:04:52.547 Unity[67703:4129456] NSEventModifierFlagFunction specified to -setKeyEquivalentModifierMask: for item <NSMenuItem: 0x60000025edf0 Font Asset, ke='Command-F12'>, but is only supported for system-provided menu items; will not be used
Mono: successfully reloaded assembly
- Completed reload, in  1.267 seconds
Domain Reload Profiling:
	ReloadAssembly (1267ms)
		BeginReloadAssembly (125ms)
			ExecutionOrderSort (0ms)
			DisableScriptedObjects (5ms)
			BackupInstance (0ms)
			ReleaseScriptingObjects (0ms)
			CreateAndSetChildDomain (52ms)
		EndReloadAssembly (1068ms)
			LoadAssemblies (94ms)
			RebuildTransferFunctionScriptingTraits (0ms)
			SetupTypeCache (386ms)
			ReleaseScriptCaches (1ms)
			RebuildScriptCaches (56ms)
			SetupLoadedEditorAssemblies (394ms)
				LogAssemblyErrors (0ms)
				InitializePlatformSupportModulesInManaged (5ms)
				SetLoadedEditorAssemblies (1ms)
				RefreshPlugins (0ms)
				BeforeProcessingInitializeOnLoad (148ms)
				ProcessInitializeOnLoadAttributes (227ms)
				ProcessInitializeOnLoadMethodAttributes (11ms)
				AfterProcessingInitializeOnLoad (2ms)
				EditorAssembliesLoaded (0ms)
			ExecutionOrderSort2 (0ms)
			AwakeInstancesAfterBackupRestoration (9ms)
Platform modules already initialized, skipping
Refreshing native plugins compatible for Editor in 0.38 ms, found 2 plugins.
Preloading 0 native plugins for Editor in 0.00 ms.
Unloading 1530 Unused Serialized files (Serialized files now loaded: 0)
System memory in use before: 213.2 MB.
System memory in use after: 213.3 MB.

Unloading 11 unused Assets to reduce memory usage. Loaded Objects now: 2016.
Total: 3.126227 ms (FindLiveObjects: 0.142006 ms CreateObjectMapping: 0.065879 ms MarkObjects: 2.895537 ms  DeleteObjects: 0.021784 ms)

AssetImportParameters requested are different than current active one (requested -> active):
  custom:video-decoder-ogg-theora: a1e56fd34408186e4bbccfd4996cb3dc -> 
  custom:container-muxer-webm: aa71ff27fc2769a1b78a27578f13a17b -> 
  custom:container-demuxer-webm: 4f35f7cbe854078d1ac9338744f61a02 -> 
  custom:container-demuxer-ogg: 62fdf1f143b41e24485cea50d1cbac27 -> 
  custom:video-encoder-webm-vp8: eb34c28f22e8b96e1ab97ce403110664 -> 
  custom:framework-osx-AVFoundation: e770b220cccbd017edd2c1fefb359320 -> 
  custom:video-decoder-webm-vp8: 9c59270c3fd7afecdb556c50c9e8de78 -> 
  custom:audio-decoder-ogg-vorbis: bf7c407c2cedff20999df2af8eb42d56 -> 
  custom:audio-encoder-webm-vorbis: bf7c407c2cedff20999df2af8eb42d56 -> 
========================================================================
Received Prepare
Registering precompiled user dll's ...
Registered in 0.004307 seconds.
Begin MonoManager ReloadAssembly
Native extension for OSXStandalone target not found
Refreshing native plugins compatible for Editor in 42.93 ms, found 2 plugins.
Preloading 0 native plugins for Editor in 0.00 ms.
2022-05-08 10:07:41.612 Unity[67703:4129456] NSEventModifierFlagFunction specified to -setKeyEquivalentModifierMask: for item <NSMenuItem: 0x6000002d7b80 Font Asset, ke='Command-F12'>, but is only supported for system-provided menu items; will not be used
Mono: successfully reloaded assembly
- Completed reload, in  1.522 seconds
Domain Reload Profiling:
	ReloadAssembly (1523ms)
		BeginReloadAssembly (174ms)
			ExecutionOrderSort (0ms)
			DisableScriptedObjects (5ms)
			BackupInstance (0ms)
			ReleaseScriptingObjects (0ms)
			CreateAndSetChildDomain (50ms)
		EndReloadAssembly (1273ms)
			LoadAssemblies (172ms)
			RebuildTransferFunctionScriptingTraits (0ms)
			SetupTypeCache (431ms)
			ReleaseScriptCaches (1ms)
			RebuildScriptCaches (64ms)
			SetupLoadedEditorAssemblies (480ms)
				LogAssemblyErrors (0ms)
				InitializePlatformSupportModulesInManaged (5ms)
				SetLoadedEditorAssemblies (0ms)
				RefreshPlugins (43ms)
				BeforeProcessingInitializeOnLoad (147ms)
				ProcessInitializeOnLoadAttributes (262ms)
				ProcessInitializeOnLoadMethodAttributes (21ms)
				AfterProcessingInitializeOnLoad (2ms)
				EditorAssembliesLoaded (0ms)
			ExecutionOrderSort2 (0ms)
			AwakeInstancesAfterBackupRestoration (10ms)
Platform modules already initialized, skipping
Refreshing native plugins compatible for Editor in 0.42 ms, found 2 plugins.
Preloading 0 native plugins for Editor in 0.00 ms.
Unloading 1574 Unused Serialized files (Serialized files now loaded: 0)
System memory in use before: 214.8 MB.
System memory in use after: 214.9 MB.

Unloading 11 unused Assets to reduce memory usage. Loaded Objects now: 2062.
Total: 3.321866 ms (FindLiveObjects: 0.164631 ms CreateObjectMapping: 0.051312 ms MarkObjects: 3.081514 ms  DeleteObjects: 0.023403 ms)

AssetImportParameters requested are different than current active one (requested -> active):
  custom:video-decoder-ogg-theora: a1e56fd34408186e4bbccfd4996cb3dc -> 
  custom:container-muxer-webm: aa71ff27fc2769a1b78a27578f13a17b -> 
  custom:container-demuxer-webm: 4f35f7cbe854078d1ac9338744f61a02 -> 
  custom:container-demuxer-ogg: 62fdf1f143b41e24485cea50d1cbac27 -> 
  custom:video-encoder-webm-vp8: eb34c28f22e8b96e1ab97ce403110664 -> 
  custom:framework-osx-AVFoundation: e770b220cccbd017edd2c1fefb359320 -> 
  custom:video-decoder-webm-vp8: 9c59270c3fd7afecdb556c50c9e8de78 -> 
  custom:audio-decoder-ogg-vorbis: bf7c407c2cedff20999df2af8eb42d56 -> 
  custom:audio-encoder-webm-vorbis: bf7c407c2cedff20999df2af8eb42d56 -> 
========================================================================
Received Prepare
Registering precompiled user dll's ...
Registered in 0.002214 seconds.
Begin MonoManager ReloadAssembly
Native extension for OSXStandalone target not found
Refreshing native plugins compatible for Editor in 0.46 ms, found 2 plugins.
Preloading 0 native plugins for Editor in 0.00 ms.
2022-05-08 10:10:11.626 Unity[67703:4129456] NSEventModifierFlagFunction specified to -setKeyEquivalentModifierMask: for item <NSMenuItem: 0x6000002e5180 Font Asset, ke='Command-F12'>, but is only supported for system-provided menu items; will not be used
Mono: successfully reloaded assembly
- Completed reload, in  1.446 seconds
Domain Reload Profiling:
	ReloadAssembly (1446ms)
		BeginReloadAssembly (196ms)
			ExecutionOrderSort (0ms)
			DisableScriptedObjects (6ms)
			BackupInstance (0ms)
			ReleaseScriptingObjects (0ms)
			CreateAndSetChildDomain (55ms)
		EndReloadAssembly (1175ms)
			LoadAssemblies (162ms)
			RebuildTransferFunctionScriptingTraits (0ms)
			SetupTypeCache (370ms)
			ReleaseScriptCaches (1ms)
			RebuildScriptCaches (53ms)
			SetupLoadedEditorAssemblies (505ms)
				LogAssemblyErrors (0ms)
				InitializePlatformSupportModulesInManaged (5ms)
				SetLoadedEditorAssemblies (1ms)
				RefreshPlugins (0ms)
				BeforeProcessingInitializeOnLoad (165ms)
				ProcessInitializeOnLoadAttributes (319ms)
				ProcessInitializeOnLoadMethodAttributes (13ms)
				AfterProcessingInitializeOnLoad (2ms)
				EditorAssembliesLoaded (0ms)
			ExecutionOrderSort2 (0ms)
			AwakeInstancesAfterBackupRestoration (12ms)
Platform modules already initialized, skipping
Refreshing native plugins compatible for Editor in 0.51 ms, found 2 plugins.
Preloading 0 native plugins for Editor in 0.00 ms.
Unloading 1935 Unused Serialized files (Serialized files now loaded: 0)
System memory in use before: 234.1 MB.
System memory in use after: 231.9 MB.

Unloading 34 unused Assets to reduce memory usage. Loaded Objects now: 2403.
Total: 4.900420 ms (FindLiveObjects: 0.154893 ms CreateObjectMapping: 0.067128 ms MarkObjects: 2.928224 ms  DeleteObjects: 1.749410 ms)

AssetImportParameters requested are different than current active one (requested -> active):
  custom:video-decoder-ogg-theora: a1e56fd34408186e4bbccfd4996cb3dc -> 
  custom:container-muxer-webm: aa71ff27fc2769a1b78a27578f13a17b -> 
  custom:container-demuxer-webm: 4f35f7cbe854078d1ac9338744f61a02 -> 
  custom:container-demuxer-ogg: 62fdf1f143b41e24485cea50d1cbac27 -> 
  custom:video-encoder-webm-vp8: eb34c28f22e8b96e1ab97ce403110664 -> 
  custom:framework-osx-AVFoundation: e770b220cccbd017edd2c1fefb359320 -> 
  custom:video-decoder-webm-vp8: 9c59270c3fd7afecdb556c50c9e8de78 -> 
  custom:audio-decoder-ogg-vorbis: bf7c407c2cedff20999df2af8eb42d56 -> 
  custom:audio-encoder-webm-vorbis: bf7c407c2cedff20999df2af8eb42d56 -> 
========================================================================
Received Prepare
Registering precompiled user dll's ...
Registered in 0.004089 seconds.
Begin MonoManager ReloadAssembly
Native extension for OSXStandalone target not found
Refreshing native plugins compatible for Editor in 0.63 ms, found 2 plugins.
Preloading 0 native plugins for Editor in 0.00 ms.
2022-05-08 10:16:19.683 Unity[67703:4129456] NSEventModifierFlagFunction specified to -setKeyEquivalentModifierMask: for item <NSMenuItem: 0x6000002924c0 Font Asset, ke='Command-F12'>, but is only supported for system-provided menu items; will not be used
Mono: successfully reloaded assembly
- Completed reload, in  1.332 seconds
Domain Reload Profiling:
	ReloadAssembly (1333ms)
		BeginReloadAssembly (143ms)
			ExecutionOrderSort (0ms)
			DisableScriptedObjects (6ms)
			BackupInstance (0ms)
			ReleaseScriptingObjects (0ms)
			CreateAndSetChildDomain (55ms)
		EndReloadAssembly (1116ms)
			LoadAssemblies (102ms)
			RebuildTransferFunctionScriptingTraits (0ms)
			SetupTypeCache (396ms)
			ReleaseScriptCaches (1ms)
			RebuildScriptCaches (57ms)
			SetupLoadedEditorAssemblies (425ms)
				LogAssemblyErrors (0ms)
				InitializePlatformSupportModulesInManaged (5ms)
				SetLoadedEditorAssemblies (1ms)
				RefreshPlugins (1ms)
				BeforeProcessingInitializeOnLoad (154ms)
				ProcessInitializeOnLoadAttributes (251ms)
				ProcessInitializeOnLoadMethodAttributes (11ms)
				AfterProcessingInitializeOnLoad (2ms)
				EditorAssembliesLoaded (0ms)
			ExecutionOrderSort2 (0ms)
			AwakeInstancesAfterBackupRestoration (9ms)
Platform modules already initialized, skipping
Refreshing native plugins compatible for Editor in 0.58 ms, found 2 plugins.
Preloading 0 native plugins for Editor in 0.00 ms.
Unloading 1954 Unused Serialized files (Serialized files now loaded: 0)
System memory in use before: 235.1 MB.
System memory in use after: 232.9 MB.

Unloading 49 unused Assets to reduce memory usage. Loaded Objects now: 2423.
Total: 5.626012 ms (FindLiveObjects: 0.195720 ms CreateObjectMapping: 0.069714 ms MarkObjects: 3.337070 ms  DeleteObjects: 2.022421 ms)

AssetImportParameters requested are different than current active one (requested -> active):
  custom:video-decoder-ogg-theora: a1e56fd34408186e4bbccfd4996cb3dc -> 
  custom:container-muxer-webm: aa71ff27fc2769a1b78a27578f13a17b -> 
  custom:container-demuxer-webm: 4f35f7cbe854078d1ac9338744f61a02 -> 
  custom:container-demuxer-ogg: 62fdf1f143b41e24485cea50d1cbac27 -> 
  custom:video-encoder-webm-vp8: eb34c28f22e8b96e1ab97ce403110664 -> 
  custom:framework-osx-AVFoundation: e770b220cccbd017edd2c1fefb359320 -> 
  custom:video-decoder-webm-vp8: 9c59270c3fd7afecdb556c50c9e8de78 -> 
  custom:audio-decoder-ogg-vorbis: bf7c407c2cedff20999df2af8eb42d56 -> 
  custom:audio-encoder-webm-vorbis: bf7c407c2cedff20999df2af8eb42d56 -> 
========================================================================
Received Prepare
Registering precompiled user dll's ...
Registered in 0.006199 seconds.
Begin MonoManager ReloadAssembly
Native extension for OSXStandalone target not found
Refreshing native plugins compatible for Editor in 0.65 ms, found 2 plugins.
Preloading 0 native plugins for Editor in 0.00 ms.
2022-05-08 10:16:33.100 Unity[67703:4129456] NSEventModifierFlagFunction specified to -setKeyEquivalentModifierMask: for item <NSMenuItem: 0x6000002a3560 Font Asset, ke='Command-F12'>, but is only supported for system-provided menu items; will not be used
Mono: successfully reloaded assembly
- Completed reload, in  1.519 seconds
Domain Reload Profiling:
	ReloadAssembly (1520ms)
		BeginReloadAssembly (151ms)
			ExecutionOrderSort (0ms)
			DisableScriptedObjects (7ms)
			BackupInstance (0ms)
			ReleaseScriptingObjects (0ms)
			CreateAndSetChildDomain (59ms)
		EndReloadAssembly (1274ms)
			LoadAssemblies (111ms)
			RebuildTransferFunctionScriptingTraits (0ms)
			SetupTypeCache (423ms)
			ReleaseScriptCaches (1ms)
			RebuildScriptCaches (67ms)
			SetupLoadedEditorAssemblies (504ms)
				LogAssemblyErrors (0ms)
				InitializePlatformSupportModulesInManaged (6ms)
				SetLoadedEditorAssemblies (1ms)
				RefreshPlugins (1ms)
				BeforeProcessingInitializeOnLoad (177ms)
				ProcessInitializeOnLoadAttributes (305ms)
				ProcessInitializeOnLoadMethodAttributes (12ms)
				AfterProcessingInitializeOnLoad (2ms)
				EditorAssembliesLoaded (0ms)
			ExecutionOrderSort2 (0ms)
			AwakeInstancesAfterBackupRestoration (10ms)
Platform modules already initialized, skipping
Refreshing native plugins compatible for Editor in 0.62 ms, found 2 plugins.
Preloading 0 native plugins for Editor in 0.00 ms.
Unloading 1954 Unused Serialized files (Serialized files now loaded: 0)
System memory in use before: 234.2 MB.
System memory in use after: 232.0 MB.

Unloading 49 unused Assets to reduce memory usage. Loaded Objects now: 2425.
Total: 6.126195 ms (FindLiveObjects: 0.186080 ms CreateObjectMapping: 0.090872 ms MarkObjects: 3.594532 ms  DeleteObjects: 2.253468 ms)

AssetImportParameters requested are different than current active one (requested -> active):
  custom:video-decoder-ogg-theora: a1e56fd34408186e4bbccfd4996cb3dc -> 
  custom:container-muxer-webm: aa71ff27fc2769a1b78a27578f13a17b -> 
  custom:container-demuxer-webm: 4f35f7cbe854078d1ac9338744f61a02 -> 
  custom:container-demuxer-ogg: 62fdf1f143b41e24485cea50d1cbac27 -> 
  custom:video-encoder-webm-vp8: eb34c28f22e8b96e1ab97ce403110664 -> 
  custom:framework-osx-AVFoundation: e770b220cccbd017edd2c1fefb359320 -> 
  custom:video-decoder-webm-vp8: 9c59270c3fd7afecdb556c50c9e8de78 -> 
  custom:audio-decoder-ogg-vorbis: bf7c407c2cedff20999df2af8eb42d56 -> 
  custom:audio-encoder-webm-vorbis: bf7c407c2cedff20999df2af8eb42d56 -> 
========================================================================
Received Prepare
Registering precompiled user dll's ...
Registered in 0.003670 seconds.
Begin MonoManager ReloadAssembly
Native extension for OSXStandalone target not found
Refreshing native plugins compatible for Editor in 0.66 ms, found 2 plugins.
Preloading 0 native plugins for Editor in 0.00 ms.
2022-05-08 10:17:00.921 Unity[67703:4129456] NSEventModifierFlagFunction specified to -setKeyEquivalentModifierMask: for item <NSMenuItem: 0x6000002fb5d0 Font Asset, ke='Command-F12'>, but is only supported for system-provided menu items; will not be used
Mono: successfully reloaded assembly
- Completed reload, in  1.655 seconds
Domain Reload Profiling:
	ReloadAssembly (1655ms)
		BeginReloadAssembly (145ms)
			ExecutionOrderSort (0ms)
			DisableScriptedObjects (6ms)
			BackupInstance (0ms)
			ReleaseScriptingObjects (0ms)
			CreateAndSetChildDomain (56ms)
		EndReloadAssembly (1431ms)
			LoadAssemblies (105ms)
			RebuildTransferFunctionScriptingTraits (0ms)
			SetupTypeCache (471ms)
			ReleaseScriptCaches (1ms)
			RebuildScriptCaches (80ms)
			SetupLoadedEditorAssemblies (604ms)
				LogAssemblyErrors (0ms)
				InitializePlatformSupportModulesInManaged (6ms)
				SetLoadedEditorAssemblies (1ms)
				RefreshPlugins (1ms)
				BeforeProcessingInitializeOnLoad (191ms)
				ProcessInitializeOnLoadAttributes (391ms)
				ProcessInitializeOnLoadMethodAttributes (12ms)
				AfterProcessingInitializeOnLoad (2ms)
				EditorAssembliesLoaded (0ms)
			ExecutionOrderSort2 (0ms)
			AwakeInstancesAfterBackupRestoration (9ms)
Platform modules already initialized, skipping
Refreshing native plugins compatible for Editor in 0.64 ms, found 2 plugins.
Preloading 0 native plugins for Editor in 0.00 ms.
Unloading 1954 Unused Serialized files (Serialized files now loaded: 0)
System memory in use before: 235.9 MB.
System memory in use after: 233.7 MB.

Unloading 49 unused Assets to reduce memory usage. Loaded Objects now: 2427.
Total: 7.279928 ms (FindLiveObjects: 0.242744 ms CreateObjectMapping: 0.091508 ms MarkObjects: 4.063057 ms  DeleteObjects: 2.881440 ms)

AssetImportParameters requested are different than current active one (requested -> active):
  custom:video-decoder-ogg-theora: a1e56fd34408186e4bbccfd4996cb3dc -> 
  custom:container-muxer-webm: aa71ff27fc2769a1b78a27578f13a17b -> 
  custom:container-demuxer-webm: 4f35f7cbe854078d1ac9338744f61a02 -> 
  custom:container-demuxer-ogg: 62fdf1f143b41e24485cea50d1cbac27 -> 
  custom:video-encoder-webm-vp8: eb34c28f22e8b96e1ab97ce403110664 -> 
  custom:framework-osx-AVFoundation: e770b220cccbd017edd2c1fefb359320 -> 
  custom:video-decoder-webm-vp8: 9c59270c3fd7afecdb556c50c9e8de78 -> 
  custom:audio-decoder-ogg-vorbis: bf7c407c2cedff20999df2af8eb42d56 -> 
  custom:audio-encoder-webm-vorbis: bf7c407c2cedff20999df2af8eb42d56 -> 
========================================================================
Received Prepare
Registering precompiled user dll's ...
Registered in 0.003672 seconds.
Begin MonoManager ReloadAssembly
Native extension for OSXStandalone target not found
Refreshing native plugins compatible for Editor in 0.58 ms, found 2 plugins.
Preloading 0 native plugins for Editor in 0.00 ms.
2022-05-08 10:21:32.962 Unity[67703:4129456] NSEventModifierFlagFunction specified to -setKeyEquivalentModifierMask: for item <NSMenuItem: 0x60000028f790 Font Asset, ke='Command-F12'>, but is only supported for system-provided menu items; will not be used
Mono: successfully reloaded assembly
- Completed reload, in  1.619 seconds
Domain Reload Profiling:
	ReloadAssembly (1619ms)
		BeginReloadAssembly (142ms)
			ExecutionOrderSort (0ms)
			DisableScriptedObjects (5ms)
			BackupInstance (0ms)
			ReleaseScriptingObjects (0ms)
			CreateAndSetChildDomain (54ms)
		EndReloadAssembly (1402ms)
			LoadAssemblies (111ms)
			RebuildTransferFunctionScriptingTraits (0ms)
			SetupTypeCache (549ms)
			ReleaseScriptCaches (1ms)
			RebuildScriptCaches (71ms)
			SetupLoadedEditorAssemblies (493ms)
				LogAssemblyErrors (0ms)
				InitializePlatformSupportModulesInManaged (5ms)
				SetLoadedEditorAssemblies (1ms)
				RefreshPlugins (1ms)
				BeforeProcessingInitializeOnLoad (157ms)
				ProcessInitializeOnLoadAttributes (317ms)
				ProcessInitializeOnLoadMethodAttributes (12ms)
				AfterProcessingInitializeOnLoad (2ms)
				EditorAssembliesLoaded (0ms)
			ExecutionOrderSort2 (0ms)
			AwakeInstancesAfterBackupRestoration (10ms)
Platform modules already initialized, skipping
Switching build target platform(2) subTarget(0) extendedPlatform(0) -> platform(9) subTarget(16777218) extendedPlatform(0)
Refreshing native plugins compatible for Editor in 0.62 ms, found 2 plugins.
Preloading 0 native plugins for Editor in 0.00 ms.
Unloading 1958 Unused Serialized files (Serialized files now loaded: 0)
System memory in use before: 236.0 MB.
System memory in use after: 233.8 MB.

Unloading 49 unused Assets to reduce memory usage. Loaded Objects now: 2429.
Total: 6.259795 ms (FindLiveObjects: 0.179716 ms CreateObjectMapping: 0.083988 ms MarkObjects: 3.758959 ms  DeleteObjects: 2.235906 ms)

AssetImportParameters requested are different than current active one (requested -> active):
  custom:video-decoder-ogg-theora: a1e56fd34408186e4bbccfd4996cb3dc -> 
  custom:container-muxer-webm: aa71ff27fc2769a1b78a27578f13a17b -> 
  custom:container-demuxer-webm: 4f35f7cbe854078d1ac9338744f61a02 -> 
  custom:container-demuxer-ogg: 62fdf1f143b41e24485cea50d1cbac27 -> 
  custom:video-encoder-webm-vp8: eb34c28f22e8b96e1ab97ce403110664 -> 
  custom:framework-osx-AVFoundation: e770b220cccbd017edd2c1fefb359320 -> 
  custom:video-decoder-webm-vp8: 9c59270c3fd7afecdb556c50c9e8de78 -> 
  custom:graphics/normal-map-encoding: 01000000000000000000000000000000 -> 02000000000000000000000000000000
  custom:audio-decoder-ogg-vorbis: bf7c407c2cedff20999df2af8eb42d56 -> 
  custom:audio-encoder-webm-vorbis: bf7c407c2cedff20999df2af8eb42d56 -> 
========================================================================
Received Prepare
Refreshing native plugins compatible for Editor in 4.37 ms, found 2 plugins.
Preloading 0 native plugins for Editor in 0.00 ms.
Unloading 47 Unused Serialized files (Serialized files now loaded: 0)
System memory in use before: 198.2 MB.
System memory in use after: 196.0 MB.

Unloading 47 unused Assets to reduce memory usage. Loaded Objects now: 2429.
Total: 6.167170 ms (FindLiveObjects: 0.186866 ms CreateObjectMapping: 0.091702 ms MarkObjects: 3.608000 ms  DeleteObjects: 2.279588 ms)

AssetImportParameters requested are different than current active one (requested -> active):
  custom:video-decoder-ogg-theora: a1e56fd34408186e4bbccfd4996cb3dc -> 
  custom:container-muxer-webm: aa71ff27fc2769a1b78a27578f13a17b -> 
  custom:container-demuxer-webm: 4f35f7cbe854078d1ac9338744f61a02 -> 
  custom:container-demuxer-ogg: 62fdf1f143b41e24485cea50d1cbac27 -> 
  custom:video-encoder-webm-vp8: eb34c28f22e8b96e1ab97ce403110664 -> 
  custom:framework-osx-AVFoundation: e770b220cccbd017edd2c1fefb359320 -> 
  custom:video-decoder-webm-vp8: 9c59270c3fd7afecdb556c50c9e8de78 -> 
  custom:audio-decoder-ogg-vorbis: bf7c407c2cedff20999df2af8eb42d56 -> 
  custom:audio-encoder-webm-vorbis: bf7c407c2cedff20999df2af8eb42d56 -> 
========================================================================
Received Import Request.
  Time since last request: 3385.583418 seconds.
  path: Assets/Scenes/MainScene.unity
  artifactKey: Guid(9fc0d4010bbf28b4594072e72b8655ab) Importer(815301076,1909f56bfc062723c751e8b465ee728b)
Start importing Assets/Scenes/MainScene.unity using Guid(9fc0d4010bbf28b4594072e72b8655ab) Importer(815301076,1909f56bfc062723c751e8b465ee728b)  -> (artifact id: '22ecd0d5d91f8e4769b53e23f6cf98b1') in 0.020622 seconds 
  Import took 0.024509 seconds .

========================================================================
Received Prepare
Registering precompiled user dll's ...
Registered in 0.018002 seconds.
Begin MonoManager ReloadAssembly
Native extension for OSXStandalone target not found
Refreshing native plugins compatible for Editor in 0.63 ms, found 2 plugins.
Preloading 0 native plugins for Editor in 0.00 ms.
2022-05-08 11:11:00.824 Unity[67703:4129456] NSEventModifierFlagFunction specified to -setKeyEquivalentModifierMask: for item <NSMenuItem: 0x6000002faf40 Font Asset, ke='Command-F12'>, but is only supported for system-provided menu items; will not be used
Mono: successfully reloaded assembly
- Completed reload, in  1.537 seconds
Domain Reload Profiling:
	ReloadAssembly (1537ms)
		BeginReloadAssembly (227ms)
			ExecutionOrderSort (0ms)
			DisableScriptedObjects (6ms)
			BackupInstance (0ms)
			ReleaseScriptingObjects (0ms)
			CreateAndSetChildDomain (67ms)
		EndReloadAssembly (1237ms)
			LoadAssemblies (200ms)
			RebuildTransferFunctionScriptingTraits (0ms)
			SetupTypeCache (387ms)
			ReleaseScriptCaches (1ms)
			RebuildScriptCaches (56ms)
			SetupLoadedEditorAssemblies (499ms)
				LogAssemblyErrors (0ms)
				InitializePlatformSupportModulesInManaged (5ms)
				SetLoadedEditorAssemblies (1ms)
				RefreshPlugins (1ms)
				BeforeProcessingInitializeOnLoad (153ms)
				ProcessInitializeOnLoadAttributes (318ms)
				ProcessInitializeOnLoadMethodAttributes (20ms)
				AfterProcessingInitializeOnLoad (2ms)
				EditorAssembliesLoaded (0ms)
			ExecutionOrderSort2 (0ms)
			AwakeInstancesAfterBackupRestoration (9ms)
Platform modules already initialized, skipping
Switching build target platform(2) subTarget(0) extendedPlatform(0) -> platform(9) subTarget(16777218) extendedPlatform(0)
Refreshing native plugins compatible for Editor in 0.72 ms, found 2 plugins.
Preloading 0 native plugins for Editor in 0.00 ms.
Unloading 1958 Unused Serialized files (Serialized files now loaded: 0)
System memory in use before: 236.6 MB.
System memory in use after: 234.4 MB.

Unloading 49 unused Assets to reduce memory usage. Loaded Objects now: 2431.
Total: 5.884291 ms (FindLiveObjects: 0.174368 ms CreateObjectMapping: 0.075811 ms MarkObjects: 3.128096 ms  DeleteObjects: 2.505111 ms)

AssetImportParameters requested are different than current active one (requested -> active):
  custom:video-decoder-ogg-theora: a1e56fd34408186e4bbccfd4996cb3dc -> 
  custom:container-muxer-webm: aa71ff27fc2769a1b78a27578f13a17b -> 
  custom:container-demuxer-webm: 4f35f7cbe854078d1ac9338744f61a02 -> 
  custom:container-demuxer-ogg: 62fdf1f143b41e24485cea50d1cbac27 -> 
  custom:video-encoder-webm-vp8: eb34c28f22e8b96e1ab97ce403110664 -> 
  custom:framework-osx-AVFoundation: e770b220cccbd017edd2c1fefb359320 -> 
  custom:video-decoder-webm-vp8: 9c59270c3fd7afecdb556c50c9e8de78 -> 
  custom:graphics/normal-map-encoding: 01000000000000000000000000000000 -> 02000000000000000000000000000000
  custom:audio-decoder-ogg-vorbis: bf7c407c2cedff20999df2af8eb42d56 -> 
  custom:audio-encoder-webm-vorbis: bf7c407c2cedff20999df2af8eb42d56 -> 
========================================================================
Received Prepare
Registering precompiled user dll's ...
Registered in 0.007045 seconds.
Begin MonoManager ReloadAssembly
Native extension for OSXStandalone target not found
Refreshing native plugins compatible for Editor in 0.73 ms, found 2 plugins.
Preloading 0 native plugins for Editor in 0.00 ms.
2022-05-08 11:16:51.235 Unity[67703:4129456] NSEventModifierFlagFunction specified to -setKeyEquivalentModifierMask: for item <NSMenuItem: 0x600000292450 Font Asset, ke='Command-F12'>, but is only supported for system-provided menu items; will not be used
Mono: successfully reloaded assembly
- Completed reload, in  1.591 seconds
Domain Reload Profiling:
	ReloadAssembly (1591ms)
		BeginReloadAssembly (133ms)
			ExecutionOrderSort (0ms)
			DisableScriptedObjects (5ms)
			BackupInstance (0ms)
			ReleaseScriptingObjects (0ms)
			CreateAndSetChildDomain (51ms)
		EndReloadAssembly (1384ms)
			LoadAssemblies (102ms)
			RebuildTransferFunctionScriptingTraits (0ms)
			SetupTypeCache (466ms)
			ReleaseScriptCaches (1ms)
			RebuildScriptCaches (82ms)
			SetupLoadedEditorAssemblies (538ms)
				LogAssemblyErrors (0ms)
				InitializePlatformSupportModulesInManaged (5ms)
				SetLoadedEditorAssemblies (1ms)
				RefreshPlugins (1ms)
				BeforeProcessingInitializeOnLoad (182ms)
				ProcessInitializeOnLoadAttributes (335ms)
				ProcessInitializeOnLoadMethodAttributes (12ms)
				AfterProcessingInitializeOnLoad (2ms)
				EditorAssembliesLoaded (0ms)
			ExecutionOrderSort2 (0ms)
			AwakeInstancesAfterBackupRestoration (10ms)
Platform modules already initialized, skipping
Switching build target platform(2) subTarget(0) extendedPlatform(0) -> platform(9) subTarget(16777218) extendedPlatform(0)
Refreshing native plugins compatible for Editor in 0.76 ms, found 2 plugins.
Preloading 0 native plugins for Editor in 0.00 ms.
Unloading 1969 Unused Serialized files (Serialized files now loaded: 0)
System memory in use before: 238.1 MB.
System memory in use after: 235.9 MB.

Unloading 52 unused Assets to reduce memory usage. Loaded Objects now: 2447.
Total: 5.558946 ms (FindLiveObjects: 0.191733 ms CreateObjectMapping: 0.069976 ms MarkObjects: 3.166635 ms  DeleteObjects: 2.129732 ms)

AssetImportParameters requested are different than current active one (requested -> active):
  custom:video-decoder-ogg-theora: a1e56fd34408186e4bbccfd4996cb3dc -> 
  custom:container-muxer-webm: aa71ff27fc2769a1b78a27578f13a17b -> 
  custom:container-demuxer-webm: 4f35f7cbe854078d1ac9338744f61a02 -> 
  custom:container-demuxer-ogg: 62fdf1f143b41e24485cea50d1cbac27 -> 
  custom:video-encoder-webm-vp8: eb34c28f22e8b96e1ab97ce403110664 -> 
  custom:framework-osx-AVFoundation: e770b220cccbd017edd2c1fefb359320 -> 
  custom:video-decoder-webm-vp8: 9c59270c3fd7afecdb556c50c9e8de78 -> 
  custom:graphics/normal-map-encoding: 01000000000000000000000000000000 -> 02000000000000000000000000000000
  custom:audio-decoder-ogg-vorbis: bf7c407c2cedff20999df2af8eb42d56 -> 
  custom:audio-encoder-webm-vorbis: bf7c407c2cedff20999df2af8eb42d56 -> 
========================================================================
Received Prepare
Registering precompiled user dll's ...
Registered in 0.007126 seconds.
Begin MonoManager ReloadAssembly
Native extension for OSXStandalone target not found
Refreshing native plugins compatible for Editor in 0.64 ms, found 2 plugins.
Preloading 0 native plugins for Editor in 0.00 ms.
2022-05-08 11:17:14.927 Unity[67703:4129456] NSEventModifierFlagFunction specified to -setKeyEquivalentModifierMask: for item <NSMenuItem: 0x6000002d82a0 Font Asset, ke='Command-F12'>, but is only supported for system-provided menu items; will not be used
Mono: successfully reloaded assembly
- Completed reload, in  1.461 seconds
Domain Reload Profiling:
	ReloadAssembly (1461ms)
		BeginReloadAssembly (148ms)
			ExecutionOrderSort (0ms)
			DisableScriptedObjects (6ms)
			BackupInstance (0ms)
			ReleaseScriptingObjects (0ms)
			CreateAndSetChildDomain (60ms)
		EndReloadAssembly (1227ms)
			LoadAssemblies (114ms)
			RebuildTransferFunctionScriptingTraits (0ms)
			SetupTypeCache (421ms)
			ReleaseScriptCaches (1ms)
			RebuildScriptCaches (58ms)
			SetupLoadedEditorAssemblies (466ms)
				LogAssemblyErrors (0ms)
				InitializePlatformSupportModulesInManaged (5ms)
				SetLoadedEditorAssemblies (1ms)
				RefreshPlugins (1ms)
				BeforeProcessingInitializeOnLoad (163ms)
				ProcessInitializeOnLoadAttributes (284ms)
				ProcessInitializeOnLoadMethodAttributes (10ms)
				AfterProcessingInitializeOnLoad (2ms)
				EditorAssembliesLoaded (0ms)
			ExecutionOrderSort2 (0ms)
			AwakeInstancesAfterBackupRestoration (9ms)
Platform modules already initialized, skipping
Switching build target platform(2) subTarget(0) extendedPlatform(0) -> platform(9) subTarget(16777218) extendedPlatform(0)
Refreshing native plugins compatible for Editor in 0.78 ms, found 2 plugins.
Preloading 0 native plugins for Editor in 0.00 ms.
Unloading 1968 Unused Serialized files (Serialized files now loaded: 0)
System memory in use before: 238.2 MB.
System memory in use after: 236.0 MB.

Unloading 51 unused Assets to reduce memory usage. Loaded Objects now: 2449.
Total: 5.771185 ms (FindLiveObjects: 0.169950 ms CreateObjectMapping: 0.074510 ms MarkObjects: 3.419624 ms  DeleteObjects: 2.106190 ms)

AssetImportParameters requested are different than current active one (requested -> active):
  custom:video-decoder-ogg-theora: a1e56fd34408186e4bbccfd4996cb3dc -> 
  custom:container-muxer-webm: aa71ff27fc2769a1b78a27578f13a17b -> 
  custom:container-demuxer-webm: 4f35f7cbe854078d1ac9338744f61a02 -> 
  custom:container-demuxer-ogg: 62fdf1f143b41e24485cea50d1cbac27 -> 
  custom:video-encoder-webm-vp8: eb34c28f22e8b96e1ab97ce403110664 -> 
  custom:framework-osx-AVFoundation: e770b220cccbd017edd2c1fefb359320 -> 
  custom:video-decoder-webm-vp8: 9c59270c3fd7afecdb556c50c9e8de78 -> 
  custom:graphics/normal-map-encoding: 01000000000000000000000000000000 -> 02000000000000000000000000000000
  custom:audio-decoder-ogg-vorbis: bf7c407c2cedff20999df2af8eb42d56 -> 
  custom:audio-encoder-webm-vorbis: bf7c407c2cedff20999df2af8eb42d56 -> 
========================================================================
Received Import Request.
  Time since last request: 1975.887529 seconds.
  path: Assets/Resources/DOTweenSettings.asset
  artifactKey: Guid(afd8ab0ec95014611a8c3a842c154b08) Importer(815301076,1909f56bfc062723c751e8b465ee728b)
Start importing Assets/Resources/DOTweenSettings.asset using Guid(afd8ab0ec95014611a8c3a842c154b08) Importer(815301076,1909f56bfc062723c751e8b465ee728b)  -> (artifact id: 'c4115aa544f1b8ad04f60c033825ef8d') in 0.142647 seconds 
  Import took 0.151342 seconds .

========================================================================
Received Import Request.
  Time since last request: 13.481910 seconds.
  path: Assets/Original Wood Textures/Wood Texture 01
  artifactKey: Guid(d81fa0d58f7b50c4ea49b9482034a552) Importer(815301076,1909f56bfc062723c751e8b465ee728b)
Start importing Assets/Original Wood Textures/Wood Texture 01 using Guid(d81fa0d58f7b50c4ea49b9482034a552) Importer(815301076,1909f56bfc062723c751e8b465ee728b)  -> (artifact id: '11677904dc0bdd7f5adc8a7d53f22459') in 0.006653 seconds 
  Import took 0.010367 seconds .

========================================================================
Received Import Request.
  Time since last request: 88.283823 seconds.
  path: Assets/Material/Wood
  artifactKey: Guid(f8c62d2cc29704a51a89ff902d4f88b9) Importer(815301076,1909f56bfc062723c751e8b465ee728b)
Start importing Assets/Material/Wood using Guid(f8c62d2cc29704a51a89ff902d4f88b9) Importer(815301076,1909f56bfc062723c751e8b465ee728b)  -> (artifact id: '45327b096b158c1903af2ff88bfd0ce2') in 0.007701 seconds 
  Import took 0.011406 seconds .

========================================================================
Received Import Request.
  Time since last request: 0.051864 seconds.
  path: Assets/Material/Wood/Wood Texture 01.mat
  artifactKey: Guid(6df1cf6875d8044eeaec7918087c4b56) Importer(815301076,1909f56bfc062723c751e8b465ee728b)
Start importing Assets/Material/Wood/Wood Texture 01.mat using Guid(6df1cf6875d8044eeaec7918087c4b56) Importer(815301076,1909f56bfc062723c751e8b465ee728b)  -> (artifact id: '1f5dcfcb0818711587dd2be4eb08879d') in 0.850511 seconds 
  Import took 0.860219 seconds .

========================================================================
Received Import Request.
  Time since last request: 0.000324 seconds.
  path: Assets/Material/Wood/Wood Texture 02.mat
  artifactKey: Guid(5f6f5e192a10d489a93acd3cd28501ad) Importer(815301076,1909f56bfc062723c751e8b465ee728b)
Start importing Assets/Material/Wood/Wood Texture 02.mat using Guid(5f6f5e192a10d489a93acd3cd28501ad) Importer(815301076,1909f56bfc062723c751e8b465ee728b)  -> (artifact id: 'a42b815f180511d55048fb99d4467058') in 0.025764 seconds 
  Import took 0.029532 seconds .

========================================================================
Received Import Request.
  Time since last request: 0.000334 seconds.
  path: Assets/Material/Wood/Wood Texture 03.mat
  artifactKey: Guid(42e30e240c635415796daf68c6c56ae4) Importer(815301076,1909f56bfc062723c751e8b465ee728b)
Start importing Assets/Material/Wood/Wood Texture 03.mat using Guid(42e30e240c635415796daf68c6c56ae4) Importer(815301076,1909f56bfc062723c751e8b465ee728b)  -> (artifact id: 'a4d872d3ebbda96fa81d1eacb351d563') in 0.014045 seconds 
  Import took 0.017766 seconds .

========================================================================
Received Import Request.
  Time since last request: 8.675609 seconds.
  path: Assets/Original Wood Textures/Wood Texture 01/Wood Texture 01.mat
  artifactKey: Guid(d9e6a8c3b79a0ac4d8e9776bb25bfa16) Importer(815301076,1909f56bfc062723c751e8b465ee728b)
Start importing Assets/Original Wood Textures/Wood Texture 01/Wood Texture 01.mat using Guid(d9e6a8c3b79a0ac4d8e9776bb25bfa16) Importer(815301076,1909f56bfc062723c751e8b465ee728b)  -> (artifact id: '2fe50db5352a5cb94f375497a6543436') in 0.013979 seconds 
  Import took 0.017744 seconds .

========================================================================
Received Import Request.
  Time since last request: 1.596819 seconds.
  path: Assets/Original Wood Textures/Wood Texture 02/Wood Texture 02.mat
  artifactKey: Guid(5eb7ee7380c58854885d9b0c36e8972f) Importer(815301076,1909f56bfc062723c751e8b465ee728b)
Start importing Assets/Original Wood Textures/Wood Texture 02/Wood Texture 02.mat using Guid(5eb7ee7380c58854885d9b0c36e8972f) Importer(815301076,1909f56bfc062723c751e8b465ee728b)  -> (artifact id: 'e25dffcd192e3077126497b3f203cffa') in 0.014246 seconds 
  Import took 0.018155 seconds .

========================================================================
Received Import Request.
  Time since last request: 1.013719 seconds.
  path: Assets/Original Wood Textures/Wood Texture 04/Wood Texture 04.mat
  artifactKey: Guid(cdd0f621478771b45b4fc5898d61191d) Importer(815301076,1909f56bfc062723c751e8b465ee728b)
Start importing Assets/Original Wood Textures/Wood Texture 04/Wood Texture 04.mat using Guid(cdd0f621478771b45b4fc5898d61191d) Importer(815301076,1909f56bfc062723c751e8b465ee728b)  -> (artifact id: '073cbb0a6a69cdacfd0e7a16aecc644f') in 0.014920 seconds 
  Import took 0.019193 seconds .

========================================================================
Received Import Request.
  Time since last request: 102.331613 seconds.
  path: Assets/Material/Wood/Wood Texture 01 diffuse.tga
  artifactKey: Guid(98b6c0f6f58a1496abd3a76b972c2ccd) Importer(815301076,1909f56bfc062723c751e8b465ee728b)
Start importing Assets/Material/Wood/Wood Texture 01 diffuse.tga using Guid(98b6c0f6f58a1496abd3a76b972c2ccd) Importer(815301076,1909f56bfc062723c751e8b465ee728b)  -> (artifact id: '5b31e8ebc9f6714309d38d41939621a9') in 0.967116 seconds 
  Import took 0.975733 seconds .

========================================================================
Received Import Request.
  Time since last request: 246.768144 seconds.
  path: Assets/Material/Wood/Wood Texture 02 diffuse.tga
  artifactKey: Guid(79fc19ed67b144d1da141aedfedd7fa5) Importer(815301076,1909f56bfc062723c751e8b465ee728b)
Start importing Assets/Material/Wood/Wood Texture 02 diffuse.tga using Guid(79fc19ed67b144d1da141aedfedd7fa5) Importer(815301076,1909f56bfc062723c751e8b465ee728b)  -> (artifact id: '304ca4f207b167b83d29141d4abff13c') in 0.090878 seconds 
  Import took 0.094978 seconds .

========================================================================
Received Import Request.
  Time since last request: 0.000424 seconds.
  path: Assets/Material/Wood/Wood Texture 05 diffuse.tga
  artifactKey: Guid(3751fb17ad5d04d8aadd9183d65c5f4e) Importer(815301076,1909f56bfc062723c751e8b465ee728b)
Start importing Assets/Material/Wood/Wood Texture 05 diffuse.tga using Guid(3751fb17ad5d04d8aadd9183d65c5f4e) Importer(815301076,1909f56bfc062723c751e8b465ee728b)  -> (artifact id: '88e2a898c26060bc5ddff0ca80d2a6c5') in 0.108501 seconds 
  Import took 0.112853 seconds .

========================================================================
Received Import Request.
  Time since last request: 0.000343 seconds.
  path: Assets/Material/Wood/Wood Texture 06 diffuse.tga
  artifactKey: Guid(0bb5cfcf087454febbba3d717eefe94f) Importer(815301076,1909f56bfc062723c751e8b465ee728b)
Start importing Assets/Material/Wood/Wood Texture 06 diffuse.tga using Guid(0bb5cfcf087454febbba3d717eefe94f) Importer(815301076,1909f56bfc062723c751e8b465ee728b)  -> (artifact id: '9012a2f58026603c61e130f388438e49') in 0.094793 seconds 
  Import took 0.098231 seconds .

========================================================================
Received Import Request.
  Time since last request: 0.000333 seconds.
  path: Assets/Material/Wood/Wood Texture 04 diffuse.tga
  artifactKey: Guid(858fc3a230ace42f08003d5383f46b3f) Importer(815301076,1909f56bfc062723c751e8b465ee728b)
Start importing Assets/Material/Wood/Wood Texture 04 diffuse.tga using Guid(858fc3a230ace42f08003d5383f46b3f) Importer(815301076,1909f56bfc062723c751e8b465ee728b)  -> (artifact id: '563db150acbc6eeb4e7d2c7a1866088d') in 0.098346 seconds 
  Import took 0.101694 seconds .

========================================================================
Received Import Request.
  Time since last request: 0.000346 seconds.
  path: Assets/Material/Wood/Wood Texture 03 diffuse.tga
  artifactKey: Guid(e4f50adf5d1284513b035fa1c803e850) Importer(815301076,1909f56bfc062723c751e8b465ee728b)
Start importing Assets/Material/Wood/Wood Texture 03 diffuse.tga using Guid(e4f50adf5d1284513b035fa1c803e850) Importer(815301076,1909f56bfc062723c751e8b465ee728b)  -> (artifact id: '5996c26c25c898bb81f8b9301e74c99e') in 0.093916 seconds 
  Import took 0.097233 seconds .

========================================================================
Received Import Request.
  Time since last request: 38.614284 seconds.
  path: Assets/Material/Wood/Wood Texture 07 diffuse.tga
  artifactKey: Guid(d54bf05649bc94b439de30138eac5589) Importer(815301076,1909f56bfc062723c751e8b465ee728b)
Start importing Assets/Material/Wood/Wood Texture 07 diffuse.tga using Guid(d54bf05649bc94b439de30138eac5589) Importer(815301076,1909f56bfc062723c751e8b465ee728b)  -> (artifact id: 'e2aa767e2d5f0d1a9139f106f2e9d8f8') in 0.094115 seconds 
  Import took 0.097966 seconds .

========================================================================
Received Import Request.
  Time since last request: 0.762171 seconds.
  path: Assets/Material/Wood/Wood Texture 08 diffuse.tga
  artifactKey: Guid(82415c532143a40bc81a9702badc54e2) Importer(815301076,1909f56bfc062723c751e8b465ee728b)
Start importing Assets/Material/Wood/Wood Texture 08 diffuse.tga using Guid(82415c532143a40bc81a9702badc54e2) Importer(815301076,1909f56bfc062723c751e8b465ee728b)  -> (artifact id: '1b782737672d15ad24ccfef770ba84f5') in 0.094463 seconds 
  Import took 0.098446 seconds .

========================================================================
Received Import Request.
  Time since last request: 0.000311 seconds.
  path: Assets/Material/Wood/Wood Texture 09 diffuse.tga
  artifactKey: Guid(f09f89c7a43e945ccb0f13b27df17ec2) Importer(815301076,1909f56bfc062723c751e8b465ee728b)
Start importing Assets/Material/Wood/Wood Texture 09 diffuse.tga using Guid(f09f89c7a43e945ccb0f13b27df17ec2) Importer(815301076,1909f56bfc062723c751e8b465ee728b)  -> (artifact id: 'bffa40341e638aaf162a76bef9ebe1bd') in 0.111525 seconds 
  Import took 0.115310 seconds .

========================================================================
Received Import Request.
  Time since last request: 0.000297 seconds.
  path: Assets/Material/Wood/Wood Texture 10 diffuse.tga
  artifactKey: Guid(5e48ab4eebc14410285ea1d3c0eb38f3) Importer(815301076,1909f56bfc062723c751e8b465ee728b)
Start importing Assets/Material/Wood/Wood Texture 10 diffuse.tga using Guid(5e48ab4eebc14410285ea1d3c0eb38f3) Importer(815301076,1909f56bfc062723c751e8b465ee728b)  -> (artifact id: 'a37a75c3b15dd87b6fa015ce1c0a92de') in 0.114350 seconds 
  Import took 0.117985 seconds .

========================================================================
Received Import Request.
  Time since last request: 6.632124 seconds.
  path: Assets/Material/Wood/Wood Texture 11 diffuse.tga
  artifactKey: Guid(3f71b040e929b4fc48c9f6eedfa1e1e1) Importer(815301076,1909f56bfc062723c751e8b465ee728b)
Start importing Assets/Material/Wood/Wood Texture 11 diffuse.tga using Guid(3f71b040e929b4fc48c9f6eedfa1e1e1) Importer(815301076,1909f56bfc062723c751e8b465ee728b)  -> (artifact id: '3aac938fb02959716aa8e637b0b4c7d4') in 0.093656 seconds 
  Import took 0.097779 seconds .

========================================================================
Received Import Request.
  Time since last request: 0.072768 seconds.
  path: Assets/Material/Wood/Wood Texture 12 diffuse.tga
  artifactKey: Guid(a87cd66b5afe2413f9beea6acc535f17) Importer(815301076,1909f56bfc062723c751e8b465ee728b)
Start importing Assets/Material/Wood/Wood Texture 12 diffuse.tga using Guid(a87cd66b5afe2413f9beea6acc535f17) Importer(815301076,1909f56bfc062723c751e8b465ee728b)  -> (artifact id: '712899bd635c584f39a9bfd542d98cc6') in 0.100739 seconds 
  Import took 0.104458 seconds .

========================================================================
Received Import Request.
  Time since last request: 0.576416 seconds.
  path: Assets/Material/Wood/Wood Texture 13 diffuse.tga
  artifactKey: Guid(c049a389e08314f79b7437a8c21722ad) Importer(815301076,1909f56bfc062723c751e8b465ee728b)
Start importing Assets/Material/Wood/Wood Texture 13 diffuse.tga using Guid(c049a389e08314f79b7437a8c21722ad) Importer(815301076,1909f56bfc062723c751e8b465ee728b)  -> (artifact id: '6481e1555d96c5e3f241f6cdcbd35826') in 0.094282 seconds 
  Import took 0.098310 seconds .

========================================================================
Received Import Request.
  Time since last request: 0.058965 seconds.
  path: Assets/Material/Wood/Wood Texture 14 diffuse.tga
  artifactKey: Guid(2e97a86d834604bd1b752669aa1c814f) Importer(815301076,1909f56bfc062723c751e8b465ee728b)
Start importing Assets/Material/Wood/Wood Texture 14 diffuse.tga using Guid(2e97a86d834604bd1b752669aa1c814f) Importer(815301076,1909f56bfc062723c751e8b465ee728b)  -> (artifact id: 'd168ef6c62ecba9a22384cf60a9b4951') in 0.097240 seconds 
  Import took 0.102023 seconds .

========================================================================
Received Import Request.
  Time since last request: 0.040110 seconds.
  path: Assets/Material/Wood/Wood Texture 15 diffuse.tga
  artifactKey: Guid(c314c8ac4a0fb4cdcb439669e62c99dc) Importer(815301076,1909f56bfc062723c751e8b465ee728b)
Start importing Assets/Material/Wood/Wood Texture 15 diffuse.tga using Guid(c314c8ac4a0fb4cdcb439669e62c99dc) Importer(815301076,1909f56bfc062723c751e8b465ee728b)  -> (artifact id: '2aa038b6be55f001801b8bb6866f13c6') in 0.096724 seconds 
  Import took 0.101136 seconds .

========================================================================
Received Prepare
Registering precompiled user dll's ...
Registered in 0.007561 seconds.
Begin MonoManager ReloadAssembly
Native extension for OSXStandalone target not found
Refreshing native plugins compatible for Editor in 0.60 ms, found 2 plugins.
Preloading 0 native plugins for Editor in 0.00 ms.
2022-05-08 11:36:54.354 Unity[67703:4129456] NSEventModifierFlagFunction specified to -setKeyEquivalentModifierMask: for item <NSMenuItem: 0x6000002b5b90 Font Asset, ke='Command-F12'>, but is only supported for system-provided menu items; will not be used
Mono: successfully reloaded assembly
- Completed reload, in  1.430 seconds
Domain Reload Profiling:
	ReloadAssembly (1431ms)
		BeginReloadAssembly (137ms)
			ExecutionOrderSort (0ms)
			DisableScriptedObjects (5ms)
			BackupInstance (0ms)
			ReleaseScriptingObjects (0ms)
			CreateAndSetChildDomain (57ms)
		EndReloadAssembly (1215ms)
			LoadAssemblies (101ms)
			RebuildTransferFunctionScriptingTraits (0ms)
			SetupTypeCache (422ms)
			ReleaseScriptCaches (1ms)
			RebuildScriptCaches (59ms)
			SetupLoadedEditorAssemblies (463ms)
				LogAssemblyErrors (0ms)
				InitializePlatformSupportModulesInManaged (5ms)
				SetLoadedEditorAssemblies (1ms)
				RefreshPlugins (1ms)
				BeforeProcessingInitializeOnLoad (152ms)
				ProcessInitializeOnLoadAttributes (291ms)
				ProcessInitializeOnLoadMethodAttributes (11ms)
				AfterProcessingInitializeOnLoad (2ms)
				EditorAssembliesLoaded (0ms)
			ExecutionOrderSort2 (0ms)
			AwakeInstancesAfterBackupRestoration (9ms)
Platform modules already initialized, skipping
Switching build target platform(2) subTarget(0) extendedPlatform(0) -> platform(9) subTarget(16777218) extendedPlatform(0)
Refreshing native plugins compatible for Editor in 0.61 ms, found 2 plugins.
Preloading 0 native plugins for Editor in 0.00 ms.
Unloading 1969 Unused Serialized files (Serialized files now loaded: 0)
System memory in use before: 251.4 MB.
System memory in use after: 249.2 MB.

Unloading 51 unused Assets to reduce memory usage. Loaded Objects now: 2493.
Total: 5.670745 ms (FindLiveObjects: 0.194213 ms CreateObjectMapping: 0.078750 ms MarkObjects: 3.277314 ms  DeleteObjects: 2.119548 ms)

AssetImportParameters requested are different than current active one (requested -> active):
  custom:video-decoder-ogg-theora: a1e56fd34408186e4bbccfd4996cb3dc -> 
  custom:container-muxer-webm: aa71ff27fc2769a1b78a27578f13a17b -> 
  custom:container-demuxer-webm: 4f35f7cbe854078d1ac9338744f61a02 -> 
  custom:container-demuxer-ogg: 62fdf1f143b41e24485cea50d1cbac27 -> 
  custom:video-encoder-webm-vp8: eb34c28f22e8b96e1ab97ce403110664 -> 
  custom:framework-osx-AVFoundation: e770b220cccbd017edd2c1fefb359320 -> 
  custom:video-decoder-webm-vp8: 9c59270c3fd7afecdb556c50c9e8de78 -> 
  custom:graphics/normal-map-encoding: 01000000000000000000000000000000 -> 02000000000000000000000000000000
  custom:audio-decoder-ogg-vorbis: bf7c407c2cedff20999df2af8eb42d56 -> 
  custom:audio-encoder-webm-vorbis: bf7c407c2cedff20999df2af8eb42d56 -> 
========================================================================
Received Prepare
Registering precompiled user dll's ...
Registered in 0.008175 seconds.
Begin MonoManager ReloadAssembly
Native extension for OSXStandalone target not found
Refreshing native plugins compatible for Editor in 0.64 ms, found 2 plugins.
Preloading 0 native plugins for Editor in 0.00 ms.
2022-05-08 11:48:52.620 Unity[67703:4129456] NSEventModifierFlagFunction specified to -setKeyEquivalentModifierMask: for item <NSMenuItem: 0x6000002b4540 Font Asset, ke='Command-F12'>, but is only supported for system-provided menu items; will not be used
Mono: successfully reloaded assembly
- Completed reload, in  1.524 seconds
Domain Reload Profiling:
	ReloadAssembly (1525ms)
		BeginReloadAssembly (159ms)
			ExecutionOrderSort (0ms)
			DisableScriptedObjects (7ms)
			BackupInstance (0ms)
			ReleaseScriptingObjects (0ms)
			CreateAndSetChildDomain (61ms)
		EndReloadAssembly (1277ms)
			LoadAssemblies (122ms)
			RebuildTransferFunctionScriptingTraits (0ms)
			SetupTypeCache (427ms)
			ReleaseScriptCaches (1ms)
			RebuildScriptCaches (62ms)
			SetupLoadedEditorAssemblies (503ms)
				LogAssemblyErrors (0ms)
				InitializePlatformSupportModulesInManaged (5ms)
				SetLoadedEditorAssemblies (1ms)
				RefreshPlugins (1ms)
				BeforeProcessingInitializeOnLoad (157ms)
				ProcessInitializeOnLoadAttributes (326ms)
				ProcessInitializeOnLoadMethodAttributes (11ms)
				AfterProcessingInitializeOnLoad (2ms)
				EditorAssembliesLoaded (0ms)
			ExecutionOrderSort2 (0ms)
			AwakeInstancesAfterBackupRestoration (9ms)
Platform modules already initialized, skipping
Switching build target platform(2) subTarget(0) extendedPlatform(0) -> platform(9) subTarget(16777218) extendedPlatform(0)
Refreshing native plugins compatible for Editor in 0.69 ms, found 2 plugins.
Preloading 0 native plugins for Editor in 0.00 ms.
Unloading 1981 Unused Serialized files (Serialized files now loaded: 0)
System memory in use before: 251.9 MB.
System memory in use after: 249.7 MB.

Unloading 51 unused Assets to reduce memory usage. Loaded Objects now: 2507.
Total: 5.420346 ms (FindLiveObjects: 0.177552 ms CreateObjectMapping: 0.080585 ms MarkObjects: 3.088489 ms  DeleteObjects: 2.072866 ms)

AssetImportParameters requested are different than current active one (requested -> active):
  custom:video-decoder-ogg-theora: a1e56fd34408186e4bbccfd4996cb3dc -> 
  custom:container-muxer-webm: aa71ff27fc2769a1b78a27578f13a17b -> 
  custom:container-demuxer-webm: 4f35f7cbe854078d1ac9338744f61a02 -> 
  custom:container-demuxer-ogg: 62fdf1f143b41e24485cea50d1cbac27 -> 
  custom:video-encoder-webm-vp8: eb34c28f22e8b96e1ab97ce403110664 -> 
  custom:framework-osx-AVFoundation: e770b220cccbd017edd2c1fefb359320 -> 
  custom:video-decoder-webm-vp8: 9c59270c3fd7afecdb556c50c9e8de78 -> 
  custom:graphics/normal-map-encoding: 01000000000000000000000000000000 -> 02000000000000000000000000000000
  custom:audio-decoder-ogg-vorbis: bf7c407c2cedff20999df2af8eb42d56 -> 
  custom:audio-encoder-webm-vorbis: bf7c407c2cedff20999df2af8eb42d56 -> 
========================================================================
Received Import Request.
  Time since last request: 1492.319411 seconds.
  path: Assets/Material/Wood/Materials
  artifactKey: Guid(466384b5498424ee6b32c4ad26ff9c9c) Importer(815301076,1909f56bfc062723c751e8b465ee728b)
Start importing Assets/Material/Wood/Materials using Guid(466384b5498424ee6b32c4ad26ff9c9c) Importer(815301076,1909f56bfc062723c751e8b465ee728b)  -> (artifact id: 'd6477ede90d6ff482815912b15351eec') in 0.010251 seconds 
  Import took 0.015034 seconds .

========================================================================
Received Import Request.
  Time since last request: 0.115058 seconds.
  path: Assets/Material/Wood/Materials/Wood Texture 01 diffuse.mat
  artifactKey: Guid(f0a94b6da9a6842d3baaa9533d2a2d73) Importer(815301076,1909f56bfc062723c751e8b465ee728b)
Start importing Assets/Material/Wood/Materials/Wood Texture 01 diffuse.mat using Guid(f0a94b6da9a6842d3baaa9533d2a2d73) Importer(815301076,1909f56bfc062723c751e8b465ee728b)  -> (artifact id: '3992f059c9e0ad7b0783abd2e25d6eb7') in 0.595529 seconds 
  Import took 0.600187 seconds .

========================================================================
Received Import Request.
  Time since last request: 0.000308 seconds.
  path: Assets/Material/Wood/Materials/Wood Texture 12 diffuse.mat
  artifactKey: Guid(0272d092dbd3843fea6c0dbecda55dfc) Importer(815301076,1909f56bfc062723c751e8b465ee728b)
Start importing Assets/Material/Wood/Materials/Wood Texture 12 diffuse.mat using Guid(0272d092dbd3843fea6c0dbecda55dfc) Importer(815301076,1909f56bfc062723c751e8b465ee728b)  -> (artifact id: '8c50a67d487cae635a5e0027d57abf34') in 0.083533 seconds 
  Import took 0.087711 seconds .

========================================================================
Received Import Request.
  Time since last request: 0.000381 seconds.
  path: Assets/Material/Wood/Materials/Wood Texture 02 diffuse.mat
  artifactKey: Guid(7f16e1efa2a5d4edaac24bdddcf14669) Importer(815301076,1909f56bfc062723c751e8b465ee728b)
Start importing Assets/Material/Wood/Materials/Wood Texture 02 diffuse.mat using Guid(7f16e1efa2a5d4edaac24bdddcf14669) Importer(815301076,1909f56bfc062723c751e8b465ee728b)  -> (artifact id: '97c09b2346d07e319fe13971bce0a90c') in 0.091473 seconds 
  Import took 0.095931 seconds .

========================================================================
Received Import Request.
  Time since last request: 0.000318 seconds.
  path: Assets/Material/Wood/Materials/Wood Texture 06 diffuse.mat
  artifactKey: Guid(047edfc9dce5343c6bb78850c4edd735) Importer(815301076,1909f56bfc062723c751e8b465ee728b)
Start importing Assets/Material/Wood/Materials/Wood Texture 06 diffuse.mat using Guid(047edfc9dce5343c6bb78850c4edd735) Importer(815301076,1909f56bfc062723c751e8b465ee728b)  -> (artifact id: '9783a25d12de2c73d667bfe3a7bc3e75') in 0.098517 seconds 
  Import took 0.103186 seconds .

========================================================================
Received Import Request.
  Time since last request: 0.000321 seconds.
  path: Assets/Material/Wood/Materials/Wood Texture 07 diffuse.mat
  artifactKey: Guid(bb029e7ba59c844ff89e47f564e75fae) Importer(815301076,1909f56bfc062723c751e8b465ee728b)
Start importing Assets/Material/Wood/Materials/Wood Texture 07 diffuse.mat using Guid(bb029e7ba59c844ff89e47f564e75fae) Importer(815301076,1909f56bfc062723c751e8b465ee728b)  -> (artifact id: '2d159fd8aa727e5deb1392b6896e3306') in 0.093991 seconds 
  Import took 0.097555 seconds .

========================================================================
Received Import Request.
  Time since last request: 0.000294 seconds.
  path: Assets/Material/Wood/Materials/Wood Texture 11 diffuse.mat
  artifactKey: Guid(e35cf2be2016c4450bbae71ae103e60a) Importer(815301076,1909f56bfc062723c751e8b465ee728b)
Start importing Assets/Material/Wood/Materials/Wood Texture 11 diffuse.mat using Guid(e35cf2be2016c4450bbae71ae103e60a) Importer(815301076,1909f56bfc062723c751e8b465ee728b)  -> (artifact id: '6ff805dc5e370393d457f279e666e63e') in 0.085763 seconds 
  Import took 0.089423 seconds .

========================================================================
Received Import Request.
  Time since last request: 0.945892 seconds.
  path: Assets/Material/Wood/Materials/Wood Texture 13 diffuse.mat
  artifactKey: Guid(56a0c16c16b3441f786acb2197fbca63) Importer(815301076,1909f56bfc062723c751e8b465ee728b)
Start importing Assets/Material/Wood/Materials/Wood Texture 13 diffuse.mat using Guid(56a0c16c16b3441f786acb2197fbca63) Importer(815301076,1909f56bfc062723c751e8b465ee728b)  -> (artifact id: '2d6417f5a56aceea4131970e5ed9e959') in 0.102133 seconds 
  Import took 0.106044 seconds .

========================================================================
Received Import Request.
  Time since last request: 0.000281 seconds.
  path: Assets/Material/Wood/Materials/Wood Texture 14 diffuse.mat
  artifactKey: Guid(242b82e5594d24f2aa1473532dda1c3b) Importer(815301076,1909f56bfc062723c751e8b465ee728b)
Start importing Assets/Material/Wood/Materials/Wood Texture 14 diffuse.mat using Guid(242b82e5594d24f2aa1473532dda1c3b) Importer(815301076,1909f56bfc062723c751e8b465ee728b)  -> (artifact id: 'b997493deb55210f054072ff021daab7') in 0.151367 seconds 
  Import took 0.154914 seconds .

========================================================================
Received Import Request.
  Time since last request: 0.000280 seconds.
  path: Assets/Material/Wood/Materials/Wood Texture 15 diffuse.mat
  artifactKey: Guid(cb13c77e9331247e792fee986f088b26) Importer(815301076,1909f56bfc062723c751e8b465ee728b)
Start importing Assets/Material/Wood/Materials/Wood Texture 15 diffuse.mat using Guid(cb13c77e9331247e792fee986f088b26) Importer(815301076,1909f56bfc062723c751e8b465ee728b)  -> (artifact id: '9dc53e7d56bf474d2090ac741c260512') in 0.100862 seconds 
  Import took 0.105044 seconds .

========================================================================
Received Import Request.
  Time since last request: 56.794124 seconds.
  path: Assets/Material/Wood/Wood Texture 01 diffuse.mat
  artifactKey: Guid(b26e20c3e605e46a59f429d742f13700) Importer(815301076,1909f56bfc062723c751e8b465ee728b)
Start importing Assets/Material/Wood/Wood Texture 01 diffuse.mat using Guid(b26e20c3e605e46a59f429d742f13700) Importer(815301076,1909f56bfc062723c751e8b465ee728b)  -> (artifact id: 'a2e84625c4922a8570d328c4aaa6a02c') in 0.094594 seconds 
  Import took 0.098621 seconds .

========================================================================
Received Import Request.
  Time since last request: 0.000319 seconds.
  path: Assets/Material/Wood/Wood Texture 06 diffuse.mat
  artifactKey: Guid(2bcea61a21e8e412eb7cbcd30d80aeaa) Importer(815301076,1909f56bfc062723c751e8b465ee728b)
Start importing Assets/Material/Wood/Wood Texture 06 diffuse.mat using Guid(2bcea61a21e8e412eb7cbcd30d80aeaa) Importer(815301076,1909f56bfc062723c751e8b465ee728b)  -> (artifact id: '661ea1e023a397d113cf041faf592860') in 0.104020 seconds 
  Import took 0.107442 seconds .

========================================================================
Received Import Request.
  Time since last request: 0.000256 seconds.
  path: Assets/Material/Wood/Wood Texture 12 diffuse.mat
  artifactKey: Guid(8f792b08abb4d443e83cdd4daf2e7230) Importer(815301076,1909f56bfc062723c751e8b465ee728b)
Start importing Assets/Material/Wood/Wood Texture 12 diffuse.mat using Guid(8f792b08abb4d443e83cdd4daf2e7230) Importer(815301076,1909f56bfc062723c751e8b465ee728b)  -> (artifact id: '010f3f08dda51ddc3ef45830e4617261') in 0.093213 seconds 
  Import took 0.097074 seconds .

========================================================================
Received Import Request.
  Time since last request: 0.000326 seconds.
  path: Assets/Material/Wood/Wood Texture 07 diffuse.mat
  artifactKey: Guid(0c8d2229d9cb549dbb69038103c3fa9c) Importer(815301076,1909f56bfc062723c751e8b465ee728b)
Start importing Assets/Material/Wood/Wood Texture 07 diffuse.mat using Guid(0c8d2229d9cb549dbb69038103c3fa9c) Importer(815301076,1909f56bfc062723c751e8b465ee728b)  -> (artifact id: '477be3a74a1f44b4bd6e3fd0294c97fc') in 0.092574 seconds 
  Import took 0.096310 seconds .

========================================================================
Received Import Request.
  Time since last request: 0.000327 seconds.
  path: Assets/Material/Wood/Wood Texture 11 diffuse.mat
  artifactKey: Guid(31e2ddac314f7488b926677a4b217d84) Importer(815301076,1909f56bfc062723c751e8b465ee728b)
Start importing Assets/Material/Wood/Wood Texture 11 diffuse.mat using Guid(31e2ddac314f7488b926677a4b217d84) Importer(815301076,1909f56bfc062723c751e8b465ee728b)  -> (artifact id: 'c20bcffbd6179bc6ea60f5bc2b45dd57') in 0.097234 seconds 
  Import took 0.100775 seconds .

========================================================================
Received Import Request.
  Time since last request: 0.000338 seconds.
  path: Assets/Material/Wood/Wood Texture 02 diffuse.mat
  artifactKey: Guid(93df6eb42533a4729b431311c2c11c43) Importer(815301076,1909f56bfc062723c751e8b465ee728b)
Start importing Assets/Material/Wood/Wood Texture 02 diffuse.mat using Guid(93df6eb42533a4729b431311c2c11c43) Importer(815301076,1909f56bfc062723c751e8b465ee728b)  -> (artifact id: '1490498db9d591ab83b7c8ea4a8dd698') in 0.097597 seconds 
  Import took 0.101323 seconds .

========================================================================
Received Import Request.
  Time since last request: 5.223481 seconds.
  path: Assets/Material/Wood/Wood Texture 13 diffuse.mat
  artifactKey: Guid(7fd45d3e734ee478b87155c4de9e4ec1) Importer(815301076,1909f56bfc062723c751e8b465ee728b)
Start importing Assets/Material/Wood/Wood Texture 13 diffuse.mat using Guid(7fd45d3e734ee478b87155c4de9e4ec1) Importer(815301076,1909f56bfc062723c751e8b465ee728b)  -> (artifact id: '0ff159e4aacc664500df18da9f58654f') in 0.098434 seconds 
  Import took 0.102424 seconds .

========================================================================
Received Import Request.
  Time since last request: 0.000348 seconds.
  path: Assets/Material/Wood/Wood Texture 15 diffuse.mat
  artifactKey: Guid(cf5b89157bd6c480dbfb7918bedfefb9) Importer(815301076,1909f56bfc062723c751e8b465ee728b)
Start importing Assets/Material/Wood/Wood Texture 15 diffuse.mat using Guid(cf5b89157bd6c480dbfb7918bedfefb9) Importer(815301076,1909f56bfc062723c751e8b465ee728b)  -> (artifact id: 'bce506d93ab6ac39010952a280ac2281') in 0.097637 seconds 
  Import took 0.101097 seconds .

========================================================================
Received Import Request.
  Time since last request: 0.000319 seconds.
  path: Assets/Material/Wood/Wood Texture 14 diffuse.mat
  artifactKey: Guid(1476a76b1ae1348958fa228fa775bfa9) Importer(815301076,1909f56bfc062723c751e8b465ee728b)
Start importing Assets/Material/Wood/Wood Texture 14 diffuse.mat using Guid(1476a76b1ae1348958fa228fa775bfa9) Importer(815301076,1909f56bfc062723c751e8b465ee728b)  -> (artifact id: 'c88d707a548b535651e6310ed504b5f9') in 0.092866 seconds 
  Import took 0.096800 seconds .

========================================================================
Received Import Request.
  Time since last request: 856.195765 seconds.
  path: Assets/Model/Door.fbx
  artifactKey: Guid(d8cd869ef42fc407f8ec223a5041085b) Importer(815301076,1909f56bfc062723c751e8b465ee728b)
Start importing Assets/Model/Door.fbx using Guid(d8cd869ef42fc407f8ec223a5041085b) Importer(815301076,1909f56bfc062723c751e8b465ee728b)  -> (artifact id: '893cf27f9b86f6dbf366be2fc760b6bf') in 0.376781 seconds 
  Import took 0.388470 seconds .

